#
# There is insufficient memory for the Java Runtime Environment to continue.
# Native memory allocation (malloc) failed to allocate 32744 bytes for ChunkPool::allocate
# Possible reasons:
#   The system is out of physical RAM or swap space
#   The process is running with CompressedOops enabled, and the Java Heap may be blocking the growth of the native heap
# Possible solutions:
#   Reduce memory load on the system
#   Increase physical memory or swap space
#   Check if swap backing store is full
#   Decrease Java heap size (-Xmx/-Xms)
#   Decrease number of Java threads
#   Decrease Java thread stack sizes (-Xss)
#   Set larger code cache with -XX:ReservedCodeCacheSize=
#   JVM is running with Unscaled Compressed Oops mode in which the Java heap is
#     placed in the first 4GB address space. The Java Heap base address is the
#     maximum limit for the native heap growth. Please use -XX:HeapBaseMinAddress
#     to set the Java Heap base and to place the Java Heap above 4GB virtual address.
# This output file may be truncated or incomplete.
#
#  Out of Memory Error (arena.cpp:78), pid=7996, tid=21668
#
# JRE version: Java(TM) SE Runtime Environment (17.0.6+9) (build 17.0.6+9-LTS-190)
# Java VM: Java HotSpot(TM) 64-Bit Server VM (17.0.6+9-LTS-190, mixed mode, sharing, tiered, compressed oops, compressed class ptrs, g1 gc, windows-amd64)
# No core dump will be written. Minidumps are not enabled by default on client versions of Windows
#

---------------  S U M M A R Y ------------

Command Line: --add-opens=java.base/java.util.concurrent.atomic=ALL-UNNAMED -XX:MaxMetaspaceSize=384m -XX:+HeapDumpOnOutOfMemoryError -agentlib:jdwp=transport=dt_socket,server=n,suspend=y,address=127.0.0.1:52645 --add-opens=java.base/java.util=ALL-UNNAMED --add-opens=java.base/java.lang=ALL-UNNAMED --add-opens=java.base/java.lang.invoke=ALL-UNNAMED --add-opens=java.prefs/java.util.prefs=ALL-UNNAMED --add-opens=java.base/java.nio.charset=ALL-UNNAMED --add-opens=java.base/java.net=ALL-UNNAMED --add-opens=java.base/java.util.concurrent.atomic=ALL-UNNAMED -Xms256m -Xmx512m -Dfile.encoding=UTF-8 -Duser.country=CN -Duser.language=zh -Duser.variant -javaagent:D:\Tools\gradle-8.6\lib\agents\gradle-instrumentation-agent-8.6.jar org.gradle.launcher.daemon.bootstrap.GradleDaemon 8.6

Host: AMD Ryzen 7 4800H with Radeon Graphics         , 16 cores, 15G,  Windows 11 , 64 bit Build 22621 (10.0.22621.3085)
Time: Sun Mar  3 21:41:45 2024  Windows 11 , 64 bit Build 22621 (10.0.22621.3085) elapsed time: 31.979871 seconds (0d 0h 0m 31s)

---------------  T H R E A D  ---------------

Current thread (0x000001c7b238f570):  JavaThread "C2 CompilerThread0" daemon [_thread_in_native, id=21668, stack(0x00000084dbd00000,0x00000084dbe00000)]


Current CompileTask:
C2:  31979 8656       4       org.gradle.internal.io.StreamByteBuffer$StreamByteBufferOutputStream::write (22 bytes)

Stack: [0x00000084dbd00000,0x00000084dbe00000]
Native frames: (J=compiled Java code, j=interpreted, Vv=VM code, C=native code)
V  [jvm.dll+0x6734ea]
V  [jvm.dll+0x7d18f4]
V  [jvm.dll+0x7d309e]
V  [jvm.dll+0x7d3703]
V  [jvm.dll+0x2433c5]
V  [jvm.dll+0xaa6c0]
V  [jvm.dll+0xaaa0c]
V  [jvm.dll+0x11bd75]
V  [jvm.dll+0x69cb84]
V  [jvm.dll+0x1b9937]
V  [jvm.dll+0x215f37]
V  [jvm.dll+0x215211]
V  [jvm.dll+0x1a1730]
V  [jvm.dll+0x224b6e]
V  [jvm.dll+0x222f15]
V  [jvm.dll+0x78753c]
V  [jvm.dll+0x781a7a]
V  [jvm.dll+0x672375]
C  [ucrtbase.dll+0x29363]
C  [KERNEL32.DLL+0x1257d]
C  [ntdll.dll+0x5aa58]


---------------  P R O C E S S  ---------------

Threads class SMR info:
_java_thread_list=0x000001c7bd4537b0, length=78, elements={
0x000001c797008450, 0x000001c7b2371010, 0x000001c7b2371e80, 0x000001c7b2388130,
0x000001c7b238b270, 0x000001c7b238be20, 0x000001c7b238e7e0, 0x000001c7b238f570,
0x000001c7b2390010, 0x000001c7b2390a00, 0x000001c7b235d080, 0x000001c7b2e4c660,
0x000001c7b2e69150, 0x000001c7b2e6b9e0, 0x000001c7b2eb52d0, 0x000001c7b5921050,
0x000001c7b44d18f0, 0x000001c7b5cd1050, 0x000001c7b5ba0a90, 0x000001c7b4f12980,
0x000001c7b4f12e50, 0x000001c7b4f14660, 0x000001c7b4f13320, 0x000001c7b4f137f0,
0x000001c7b4f14190, 0x000001c7b4f11fe0, 0x000001c7b4f124b0, 0x000001c7b4f15000,
0x000001c7b970b3f0, 0x000001c7b9706220, 0x000001c7b97088a0, 0x000001c7b9708d70,
0x000001c7b9709be0, 0x000001c7b97083d0, 0x000001c7b9709240, 0x000001c7b9706bc0,
0x000001c7b970a580, 0x000001c7b970af20, 0x000001c7b970b8c0, 0x000001c7b970c260,
0x000001c7b970c730, 0x000001c7b970cc00, 0x000001c7b9705d50, 0x000001c7b97066f0,
0x000001c7b97d6890, 0x000001c7b97d3870, 0x000001c7b97d93e0, 0x000001c7b97d2ed0,
0x000001c7b97d98b0, 0x000001c7b97d80a0, 0x000001c7b97d5a20, 0x000001c7b97d8570,
0x000001c7b97d63c0, 0x000001c7b97d2a00, 0x000001c7b97d8f10, 0x000001c7b97d7bd0,
0x000001c7b97d33a0, 0x000001c7b97d6d60, 0x000001c7b97d4bb0, 0x000001c7b97d7700,
0x000001c7b97d5080, 0x000001c7b97d7230, 0x000001c7b97d8a40, 0x000001c7b97d2060,
0x000001c7b97d3d40, 0x000001c7b97d2530, 0x000001c7b97d4210, 0x000001c7b97d46e0,
0x000001c7b97d5550, 0x000001c7bd229fc0, 0x000001c7bd227470, 0x000001c7bd226ad0,
0x000001c7bd229620, 0x000001c7bd223f80, 0x000001c7bd225790, 0x000001c7bd226fa0,
0x000001c7b92c2630, 0x000001c7b92be460
}

Java Threads: ( => current thread )
  0x000001c797008450 JavaThread "main" [_thread_blocked, id=18372, stack(0x00000084db000000,0x00000084db100000)]
  0x000001c7b2371010 JavaThread "Reference Handler" daemon [_thread_blocked, id=15864, stack(0x00000084db700000,0x00000084db800000)]
  0x000001c7b2371e80 JavaThread "Finalizer" daemon [_thread_blocked, id=21392, stack(0x00000084db800000,0x00000084db900000)]
  0x000001c7b2388130 JavaThread "Signal Dispatcher" daemon [_thread_blocked, id=2116, stack(0x00000084db900000,0x00000084dba00000)]
  0x000001c7b238b270 JavaThread "Attach Listener" daemon [_thread_blocked, id=3472, stack(0x00000084dba00000,0x00000084dbb00000)]
  0x000001c7b238be20 JavaThread "Service Thread" daemon [_thread_blocked, id=1344, stack(0x00000084dbb00000,0x00000084dbc00000)]
  0x000001c7b238e7e0 JavaThread "Monitor Deflation Thread" daemon [_thread_blocked, id=18888, stack(0x00000084dbc00000,0x00000084dbd00000)]
=>0x000001c7b238f570 JavaThread "C2 CompilerThread0" daemon [_thread_in_native, id=21668, stack(0x00000084dbd00000,0x00000084dbe00000)]
  0x000001c7b2390010 JavaThread "C1 CompilerThread0" daemon [_thread_blocked, id=5972, stack(0x00000084dbe00000,0x00000084dbf00000)]
  0x000001c7b2390a00 JavaThread "Sweeper thread" daemon [_thread_blocked, id=19312, stack(0x00000084dbf00000,0x00000084dc000000)]
  0x000001c7b235d080 JavaThread "Common-Cleaner" daemon [_thread_blocked, id=13796, stack(0x00000084dc000000,0x00000084dc100000)]
  0x000001c7b2e4c660 JavaThread "JDWP Transport Listener: dt_socket" daemon [_thread_blocked, id=14140, stack(0x00000084dc500000,0x00000084dc600000)]
  0x000001c7b2e69150 JavaThread "JDWP Event Helper Thread" daemon [_thread_blocked, id=21508, stack(0x00000084dc600000,0x00000084dc700000)]
  0x000001c7b2e6b9e0 JavaThread "JDWP Command Reader" daemon [_thread_in_native, id=21356, stack(0x00000084dc700000,0x00000084dc800000)]
  0x000001c7b2eb52d0 JavaThread "Notification Thread" daemon [_thread_blocked, id=22908, stack(0x00000084dc800000,0x00000084dc900000)]
  0x000001c7b5921050 JavaThread "Daemon health stats" [_thread_blocked, id=23136, stack(0x00000084dd400000,0x00000084dd500000)]
  0x000001c7b44d18f0 JavaThread "Incoming local TCP Connector on port 52650" [_thread_in_native, id=8968, stack(0x00000084dd500000,0x00000084dd600000)]
  0x000001c7b5cd1050 JavaThread "Daemon periodic checks" [_thread_blocked, id=5136, stack(0x00000084dd600000,0x00000084dd700000)]
  0x000001c7b5ba0a90 JavaThread "Daemon" [_thread_blocked, id=14020, stack(0x00000084dd700000,0x00000084dd800000)]
  0x000001c7b4f12980 JavaThread "Handler for socket connection from /127.0.0.1:52650 to /127.0.0.1:52651" [_thread_in_native, id=22876, stack(0x00000084dd800000,0x00000084dd900000)]
  0x000001c7b4f12e50 JavaThread "Cancel handler" [_thread_blocked, id=21184, stack(0x00000084dd900000,0x00000084dda00000)]
  0x000001c7b4f14660 JavaThread "Daemon worker" [_thread_blocked, id=21128, stack(0x00000084dda00000,0x00000084ddb00000)]
  0x000001c7b4f13320 JavaThread "Asynchronous log dispatcher for DefaultDaemonConnection: socket connection from /127.0.0.1:52650 to /127.0.0.1:52651" [_thread_blocked, id=16432, stack(0x00000084ddb00000,0x00000084ddc00000)]
  0x000001c7b4f137f0 JavaThread "Stdin handler" [_thread_blocked, id=15252, stack(0x00000084ddc00000,0x00000084ddd00000)]
  0x000001c7b4f14190 JavaThread "Daemon client event forwarder" [_thread_blocked, id=23540, stack(0x00000084ddd00000,0x00000084dde00000)]
  0x000001c7b4f11fe0 JavaThread "Cache worker for journal cache (D:\Tools\gradle-8.6\caches\journal-1)" [_thread_blocked, id=17752, stack(0x00000084dca00000,0x00000084dcb00000)]
  0x000001c7b4f124b0 JavaThread "File lock request listener" [_thread_in_native, id=4324, stack(0x00000084dde00000,0x00000084ddf00000)]
  0x000001c7b4f15000 JavaThread "Cache worker for file hash cache (D:\Tools\gradle-8.6\caches\8.6\fileHashes)" [_thread_blocked, id=11960, stack(0x00000084ddf00000,0x00000084de000000)]
  0x000001c7b970b3f0 JavaThread "Cache worker for file hash cache (D:\SourceCode\JProtobuf\.gradle\8.6\fileHashes)" [_thread_blocked, id=16072, stack(0x00000084de100000,0x00000084de200000)]
  0x000001c7b9706220 JavaThread "Cache worker for checksums cache (D:\SourceCode\JProtobuf\.gradle\8.6\checksums)" [_thread_blocked, id=13992, stack(0x00000084de400000,0x00000084de500000)]
  0x000001c7b97088a0 JavaThread "Cache worker for file content cache (D:\Tools\gradle-8.6\caches\8.6\fileContent)" [_thread_blocked, id=21900, stack(0x00000084deb00000,0x00000084dec00000)]
  0x000001c7b9708d70 JavaThread "File watcher server" daemon [_thread_in_native, id=5116, stack(0x00000084dea00000,0x00000084deb00000)]
  0x000001c7b9709be0 JavaThread "File watcher consumer" daemon [_thread_blocked, id=13836, stack(0x00000084dec00000,0x00000084ded00000)]
  0x000001c7b97083d0 JavaThread "Cache worker for cache directory md-supplier (D:\Tools\gradle-8.6\caches\8.6\md-supplier)" [_thread_blocked, id=15540, stack(0x00000084ded00000,0x00000084dee00000)]
  0x000001c7b9709240 JavaThread "Cache worker for cache directory md-rule (D:\Tools\gradle-8.6\caches\8.6\md-rule)" [_thread_blocked, id=3704, stack(0x00000084dee00000,0x00000084def00000)]
  0x000001c7b9706bc0 JavaThread "Cache worker for Build Output Cleanup Cache (D:\SourceCode\JProtobuf\.gradle\buildOutputCleanup)" [_thread_blocked, id=12404, stack(0x00000084df000000,0x00000084df100000)]
  0x000001c7b970a580 JavaThread "Memory manager" [_thread_blocked, id=22820, stack(0x00000084df100000,0x00000084df200000)]
  0x000001c7b970af20 JavaThread "included builds" [_thread_blocked, id=17832, stack(0x00000084de300000,0x00000084de400000)]
  0x000001c7b970b8c0 JavaThread "Execution worker" [_thread_blocked, id=21532, stack(0x00000084def00000,0x00000084df000000)]
  0x000001c7b970c260 JavaThread "Execution worker Thread 2" [_thread_blocked, id=18868, stack(0x00000084df200000,0x00000084df300000)]
  0x000001c7b970c730 JavaThread "Execution worker Thread 3" [_thread_blocked, id=18740, stack(0x00000084df300000,0x00000084df400000)]
  0x000001c7b970cc00 JavaThread "Execution worker Thread 4" [_thread_blocked, id=13268, stack(0x00000084df400000,0x00000084df500000)]
  0x000001c7b9705d50 JavaThread "Execution worker Thread 5" [_thread_blocked, id=8728, stack(0x00000084df500000,0x00000084df600000)]
  0x000001c7b97066f0 JavaThread "Execution worker Thread 6" [_thread_blocked, id=8252, stack(0x00000084df600000,0x00000084df700000)]
  0x000001c7b97d6890 JavaThread "Execution worker Thread 7" [_thread_blocked, id=7068, stack(0x00000084df700000,0x00000084df800000)]
  0x000001c7b97d3870 JavaThread "Execution worker Thread 8" [_thread_blocked, id=18400, stack(0x00000084df800000,0x00000084df900000)]
  0x000001c7b97d93e0 JavaThread "Execution worker Thread 9" [_thread_blocked, id=21112, stack(0x00000084df900000,0x00000084dfa00000)]
  0x000001c7b97d2ed0 JavaThread "Execution worker Thread 10" [_thread_blocked, id=21948, stack(0x00000084dfa00000,0x00000084dfb00000)]
  0x000001c7b97d98b0 JavaThread "Execution worker Thread 11" [_thread_blocked, id=3924, stack(0x00000084dfb00000,0x00000084dfc00000)]
  0x000001c7b97d80a0 JavaThread "Execution worker Thread 12" [_thread_blocked, id=21592, stack(0x00000084dfc00000,0x00000084dfd00000)]
  0x000001c7b97d5a20 JavaThread "Execution worker Thread 13" [_thread_blocked, id=13776, stack(0x00000084dfd00000,0x00000084dfe00000)]
  0x000001c7b97d8570 JavaThread "Execution worker Thread 14" [_thread_blocked, id=23412, stack(0x00000084dfe00000,0x00000084dff00000)]
  0x000001c7b97d63c0 JavaThread "Execution worker Thread 15" [_thread_blocked, id=6960, stack(0x00000084dff00000,0x00000084e0000000)]
  0x000001c7b97d2a00 JavaThread "Cache worker for execution history cache (D:\SourceCode\JProtobuf\.gradle\8.6\executionHistory)" [_thread_blocked, id=2580, stack(0x00000084e0000000,0x00000084e0100000)]
  0x000001c7b97d8f10 JavaThread "Cache worker for Java compile cache (D:\Tools\gradle-8.6\caches\8.6\javaCompile)" [_thread_blocked, id=17004, stack(0x00000084de200000,0x00000084de300000)]
  0x000001c7b97d7bd0 JavaThread "Build operations" [_thread_blocked, id=19560, stack(0x00000084e0400000,0x00000084e0500000)]
  0x000001c7b97d33a0 JavaThread "Build operations Thread 2" [_thread_blocked, id=12604, stack(0x00000084e0500000,0x00000084e0600000)]
  0x000001c7b97d6d60 JavaThread "Build operations Thread 3" [_thread_blocked, id=3156, stack(0x00000084e0600000,0x00000084e0700000)]
  0x000001c7b97d4bb0 JavaThread "Build operations Thread 4" [_thread_blocked, id=21332, stack(0x00000084e0700000,0x00000084e0800000)]
  0x000001c7b97d7700 JavaThread "Build operations Thread 5" [_thread_blocked, id=13136, stack(0x00000084e0800000,0x00000084e0900000)]
  0x000001c7b97d5080 JavaThread "Build operations Thread 6" [_thread_blocked, id=20520, stack(0x00000084e0900000,0x00000084e0a00000)]
  0x000001c7b97d7230 JavaThread "Build operations Thread 7" [_thread_blocked, id=6536, stack(0x00000084e0a00000,0x00000084e0b00000)]
  0x000001c7b97d8a40 JavaThread "Build operations Thread 8" [_thread_blocked, id=22816, stack(0x00000084e0b00000,0x00000084e0c00000)]
  0x000001c7b97d2060 JavaThread "Build operations Thread 9" [_thread_blocked, id=19840, stack(0x00000084e0c00000,0x00000084e0d00000)]
  0x000001c7b97d3d40 JavaThread "Build operations Thread 10" [_thread_blocked, id=20620, stack(0x00000084e0d00000,0x00000084e0e00000)]
  0x000001c7b97d2530 JavaThread "Build operations Thread 11" [_thread_blocked, id=18640, stack(0x00000084e0e00000,0x00000084e0f00000)]
  0x000001c7b97d4210 JavaThread "Build operations Thread 12" [_thread_blocked, id=14540, stack(0x00000084e0f00000,0x00000084e1000000)]
  0x000001c7b97d46e0 JavaThread "Build operations Thread 13" [_thread_blocked, id=21712, stack(0x00000084e1000000,0x00000084e1100000)]
  0x000001c7b97d5550 JavaThread "Build operations Thread 14" [_thread_blocked, id=4444, stack(0x00000084e1100000,0x00000084e1200000)]
  0x000001c7bd229fc0 JavaThread "Build operations Thread 15" [_thread_blocked, id=22148, stack(0x00000084e1200000,0x00000084e1300000)]
  0x000001c7bd227470 JavaThread "Exec process" [_thread_blocked, id=9284, stack(0x00000084e0200000,0x00000084e0300000)]
  0x000001c7bd226ad0 JavaThread "Exec process Thread 2" [_thread_in_native, id=22056, stack(0x00000084e0300000,0x00000084e0400000)]
  0x000001c7bd229620 JavaThread "Exec process Thread 3" [_thread_blocked, id=18712, stack(0x00000084e1300000,0x00000084e1400000)]
  0x000001c7bd223f80 JavaThread "Exec process Thread 4" [_thread_blocked, id=4304, stack(0x00000084e2000000,0x00000084e2100000)]
  0x000001c7bd225790 JavaThread "Exec process Thread 5" [_thread_in_native, id=4852, stack(0x00000084e2800000,0x00000084e2900000)]
  0x000001c7bd226fa0 JavaThread "Exec process Thread 6" [_thread_in_native, id=21444, stack(0x00000084e2900000,0x00000084e2a00000)]
  0x000001c7b92c2630 JavaThread "C2 CompilerThread1" daemon [_thread_in_native, id=15036, stack(0x00000084dc400000,0x00000084dc500000)]
  0x000001c7b92be460 JavaThread "C1 CompilerThread1" daemon [_thread_blocked, id=13112, stack(0x00000084de000000,0x00000084de100000)]

Other Threads:
  0x000001c7b236c010 VMThread "VM Thread" [stack: 0x00000084db600000,0x00000084db700000] [id=2368]
  0x000001c7b2efdcf0 WatcherThread [stack: 0x00000084dc900000,0x00000084dca00000] [id=17012]
  0x000001c797038210 GCTaskThread "GC Thread#0" [stack: 0x00000084db100000,0x00000084db200000] [id=19232]
  0x000001c7b36f3f00 GCTaskThread "GC Thread#1" [stack: 0x00000084dcb00000,0x00000084dcc00000] [id=4732]
  0x000001c7b417e0a0 GCTaskThread "GC Thread#2" [stack: 0x00000084dcc00000,0x00000084dcd00000] [id=11492]
  0x000001c7b32d99d0 GCTaskThread "GC Thread#3" [stack: 0x00000084dcd00000,0x00000084dce00000] [id=15432]
  0x000001c7b32d9c80 GCTaskThread "GC Thread#4" [stack: 0x00000084dce00000,0x00000084dcf00000] [id=17416]
  0x000001c7b32da740 GCTaskThread "GC Thread#5" [stack: 0x00000084dcf00000,0x00000084dd000000] [id=8008]
  0x000001c7b34623d0 GCTaskThread "GC Thread#6" [stack: 0x00000084dd000000,0x00000084dd100000] [id=20004]
  0x000001c7b38281e0 GCTaskThread "GC Thread#7" [stack: 0x00000084dd100000,0x00000084dd200000] [id=15688]
  0x000001c7b3828490 GCTaskThread "GC Thread#8" [stack: 0x00000084dd200000,0x00000084dd300000] [id=3096]
  0x000001c7b472a740 GCTaskThread "GC Thread#9" [stack: 0x00000084dd300000,0x00000084dd400000] [id=9504]
  0x000001c7b5892390 GCTaskThread "GC Thread#10" [stack: 0x00000084de500000,0x00000084de600000] [id=3784]
  0x000001c7b9700120 GCTaskThread "GC Thread#11" [stack: 0x00000084de600000,0x00000084de700000] [id=19376]
  0x000001c7b9700e90 GCTaskThread "GC Thread#12" [stack: 0x00000084de700000,0x00000084de800000] [id=15944]
  0x000001c79703d150 ConcurrentGCThread "G1 Main Marker" [stack: 0x00000084db200000,0x00000084db300000] [id=15560]
  0x000001c79703db60 ConcurrentGCThread "G1 Conc#0" [stack: 0x00000084db300000,0x00000084db400000] [id=4464]
  0x000001c7b9703990 ConcurrentGCThread "G1 Conc#1" [stack: 0x00000084de800000,0x00000084de900000] [id=19408]
  0x000001c7b9703c40 ConcurrentGCThread "G1 Conc#2" [stack: 0x00000084de900000,0x00000084dea00000] [id=3260]
  0x000001c7b2232550 ConcurrentGCThread "G1 Refine#0" [stack: 0x00000084db400000,0x00000084db500000] [id=11100]
  0x000001c7b680d620 ConcurrentGCThread "G1 Refine#1" [stack: 0x00000084dc300000,0x00000084dc400000] [id=18924]
  0x000001c7bb556d70 ConcurrentGCThread "G1 Refine#2" [stack: 0x00000084e1500000,0x00000084e1600000] [id=16540]
  0x000001c7bb556a90 ConcurrentGCThread "G1 Refine#3" [stack: 0x00000084e1600000,0x00000084e1700000] [id=680]
  0x000001c7bb5564d0 ConcurrentGCThread "G1 Refine#4" [stack: 0x00000084e1700000,0x00000084e1800000] [id=6224]
  0x000001c7bb557bd0 ConcurrentGCThread "G1 Refine#5" [stack: 0x00000084e1800000,0x00000084e1900000] [id=19584]
  0x000001c7bb557eb0 ConcurrentGCThread "G1 Refine#6" [stack: 0x00000084e1900000,0x00000084e1a00000] [id=4176]
  0x000001c7bb5567b0 ConcurrentGCThread "G1 Refine#7" [stack: 0x00000084e1a00000,0x00000084e1b00000] [id=15420]
  0x000001c7bb557050 ConcurrentGCThread "G1 Refine#8" [stack: 0x00000084e1b00000,0x00000084e1c00000] [id=22628]
  0x000001c7bb5561f0 ConcurrentGCThread "G1 Refine#9" [stack: 0x00000084e1c00000,0x00000084e1d00000] [id=17788]
  0x000001c7bb557330 ConcurrentGCThread "G1 Refine#10" [stack: 0x00000084e1d00000,0x00000084e1e00000] [id=22336]
  0x000001c7bb557610 ConcurrentGCThread "G1 Refine#11" [stack: 0x00000084e1e00000,0x00000084e1f00000] [id=2388]
  0x000001c7bb5578f0 ConcurrentGCThread "G1 Refine#12" [stack: 0x00000084e1f00000,0x00000084e2000000] [id=6312]
  0x000001c7b2233d90 ConcurrentGCThread "G1 Service" [stack: 0x00000084db500000,0x00000084db600000] [id=4848]

Threads with active compile tasks:
C2 CompilerThread0    32007 8656       4       org.gradle.internal.io.StreamByteBuffer$StreamByteBufferOutputStream::write (22 bytes)
C2 CompilerThread1    32007 8657       4       org.gradle.internal.io.LineBufferingOutputStream::write (59 bytes)

VM state: not at safepoint (normal execution)

VM Mutex/Monitor currently owned by a thread: None

Heap address: 0x00000000e0000000, size: 512 MB, Compressed Oops mode: 32-bit

CDS archive(s) mapped at: [0x0000000800000000-0x0000000800bd0000-0x0000000800bd0000), size 12386304, SharedBaseAddress: 0x0000000800000000, ArchiveRelocationMode: 0.
Compressed class space mapped at: 0x0000000800c00000-0x0000000814000000, reserved size: 322961408
Narrow klass base: 0x0000000800000000, Narrow klass shift: 0, Narrow klass range: 0x100000000

GC Precious Log:
 CPUs: 16 total, 16 available
 Memory: 15734M
 Large Page Support: Disabled
 NUMA Support: Disabled
 Compressed Oops: Enabled (32-bit)
 Heap Region Size: 1M
 Heap Min Capacity: 256M
 Heap Initial Capacity: 256M
 Heap Max Capacity: 512M
 Pre-touch: Disabled
 Parallel Workers: 13
 Concurrent Workers: 3
 Concurrent Refinement Workers: 13
 Periodic GC: Disabled

Heap:
 garbage-first heap   total 278528K, used 169984K [0x00000000e0000000, 0x0000000100000000)
  region size 1024K, 13 young (13312K), 4 survivors (4096K)
 Metaspace       used 63451K, committed 64256K, reserved 372736K
  class space    used 8635K, committed 9024K, reserved 315392K

Heap Regions: E=young(eden), S=young(survivor), O=old, HS=humongous(starts), HC=humongous(continues), CS=collection set, F=free, OA=open archive, CA=closed archive, TAMS=top-at-mark-start (previous, next)
|   0|0x00000000e0000000, 0x00000000e0100000, 0x00000000e0100000|100%|HS|  |TAMS 0x00000000e0100000, 0x00000000e0000000| Complete 
|   1|0x00000000e0100000, 0x00000000e0200000, 0x00000000e0200000|100%|HC|  |TAMS 0x00000000e0200000, 0x00000000e0100000| Complete 
|   2|0x00000000e0200000, 0x00000000e0300000, 0x00000000e0300000|100%|HC|  |TAMS 0x00000000e0300000, 0x00000000e0200000| Complete 
|   3|0x00000000e0300000, 0x00000000e0400000, 0x00000000e0400000|100%|HC|  |TAMS 0x00000000e0400000, 0x00000000e0300000| Complete 
|   4|0x00000000e0400000, 0x00000000e0500000, 0x00000000e0500000|100%| O|  |TAMS 0x00000000e0500000, 0x00000000e0400000| Untracked 
|   5|0x00000000e0500000, 0x00000000e0600000, 0x00000000e0600000|100%| O|  |TAMS 0x00000000e0600000, 0x00000000e0500000| Untracked 
|   6|0x00000000e0600000, 0x00000000e0700000, 0x00000000e0700000|100%| O|  |TAMS 0x00000000e0700000, 0x00000000e0600000| Untracked 
|   7|0x00000000e0700000, 0x00000000e0800000, 0x00000000e0800000|100%| O|  |TAMS 0x00000000e0800000, 0x00000000e0700000| Untracked 
|   8|0x00000000e0800000, 0x00000000e0900000, 0x00000000e0900000|100%| O|  |TAMS 0x00000000e0900000, 0x00000000e0800000| Untracked 
|   9|0x00000000e0900000, 0x00000000e0a00000, 0x00000000e0a00000|100%| O|  |TAMS 0x00000000e0a00000, 0x00000000e0900000| Untracked 
|  10|0x00000000e0a00000, 0x00000000e0b00000, 0x00000000e0b00000|100%| O|  |TAMS 0x00000000e0b00000, 0x00000000e0a00000| Untracked 
|  11|0x00000000e0b00000, 0x00000000e0c00000, 0x00000000e0c00000|100%| O|  |TAMS 0x00000000e0c00000, 0x00000000e0b00000| Untracked 
|  12|0x00000000e0c00000, 0x00000000e0d00000, 0x00000000e0d00000|100%| O|  |TAMS 0x00000000e0d00000, 0x00000000e0c00000| Untracked 
|  13|0x00000000e0d00000, 0x00000000e0e00000, 0x00000000e0e00000|100%|HS|  |TAMS 0x00000000e0e00000, 0x00000000e0d00000| Complete 
|  14|0x00000000e0e00000, 0x00000000e0f00000, 0x00000000e0f00000|100%|HC|  |TAMS 0x00000000e0f00000, 0x00000000e0e00000| Complete 
|  15|0x00000000e0f00000, 0x00000000e1000000, 0x00000000e1000000|100%|HS|  |TAMS 0x00000000e1000000, 0x00000000e0f00000| Complete 
|  16|0x00000000e1000000, 0x00000000e1100000, 0x00000000e1100000|100%|HC|  |TAMS 0x00000000e1100000, 0x00000000e1000000| Complete 
|  17|0x00000000e1100000, 0x00000000e1200000, 0x00000000e1200000|100%| O|  |TAMS 0x00000000e1200000, 0x00000000e1100000| Untracked 
|  18|0x00000000e1200000, 0x00000000e1300000, 0x00000000e1300000|100%| O|  |TAMS 0x00000000e1300000, 0x00000000e1200000| Untracked 
|  19|0x00000000e1300000, 0x00000000e1400000, 0x00000000e1400000|100%| O|  |TAMS 0x00000000e1400000, 0x00000000e1300000| Untracked 
|  20|0x00000000e1400000, 0x00000000e1500000, 0x00000000e1500000|100%|HS|  |TAMS 0x00000000e1500000, 0x00000000e1400000| Complete 
|  21|0x00000000e1500000, 0x00000000e1600000, 0x00000000e1600000|100%|HC|  |TAMS 0x00000000e1600000, 0x00000000e1500000| Complete 
|  22|0x00000000e1600000, 0x00000000e1700000, 0x00000000e1700000|100%|HC|  |TAMS 0x00000000e1700000, 0x00000000e1600000| Complete 
|  23|0x00000000e1700000, 0x00000000e1800000, 0x00000000e1800000|100%|HC|  |TAMS 0x00000000e1800000, 0x00000000e1700000| Complete 
|  24|0x00000000e1800000, 0x00000000e1900000, 0x00000000e1900000|100%|HS|  |TAMS 0x00000000e1900000, 0x00000000e1800000| Complete 
|  25|0x00000000e1900000, 0x00000000e1a00000, 0x00000000e1a00000|100%|HC|  |TAMS 0x00000000e1a00000, 0x00000000e1900000| Complete 
|  26|0x00000000e1a00000, 0x00000000e1b00000, 0x00000000e1b00000|100%|HC|  |TAMS 0x00000000e1b00000, 0x00000000e1a00000| Complete 
|  27|0x00000000e1b00000, 0x00000000e1c00000, 0x00000000e1c00000|100%|HC|  |TAMS 0x00000000e1c00000, 0x00000000e1b00000| Complete 
|  28|0x00000000e1c00000, 0x00000000e1d00000, 0x00000000e1d00000|100%| O|  |TAMS 0x00000000e1d00000, 0x00000000e1c00000| Untracked 
|  29|0x00000000e1d00000, 0x00000000e1e00000, 0x00000000e1e00000|100%| O|  |TAMS 0x00000000e1e00000, 0x00000000e1d00000| Untracked 
|  30|0x00000000e1e00000, 0x00000000e1f00000, 0x00000000e1f00000|100%| O|  |TAMS 0x00000000e1f00000, 0x00000000e1e00000| Untracked 
|  31|0x00000000e1f00000, 0x00000000e2000000, 0x00000000e2000000|100%| O|  |TAMS 0x00000000e2000000, 0x00000000e1f00000| Untracked 
|  32|0x00000000e2000000, 0x00000000e2100000, 0x00000000e2100000|100%| O|  |TAMS 0x00000000e2100000, 0x00000000e2000000| Untracked 
|  33|0x00000000e2100000, 0x00000000e2100000, 0x00000000e2200000|  0%| F|  |TAMS 0x00000000e2100000, 0x00000000e2100000| Untracked 
|  34|0x00000000e2200000, 0x00000000e2200000, 0x00000000e2300000|  0%| F|  |TAMS 0x00000000e2200000, 0x00000000e2200000| Untracked 
|  35|0x00000000e2300000, 0x00000000e2400000, 0x00000000e2400000|100%| O|  |TAMS 0x00000000e2400000, 0x00000000e2300000| Untracked 
|  36|0x00000000e2400000, 0x00000000e2500000, 0x00000000e2500000|100%|HS|  |TAMS 0x00000000e2500000, 0x00000000e2400000| Complete 
|  37|0x00000000e2500000, 0x00000000e2600000, 0x00000000e2600000|100%|HC|  |TAMS 0x00000000e2600000, 0x00000000e2500000| Complete 
|  38|0x00000000e2600000, 0x00000000e2600000, 0x00000000e2700000|  0%| F|  |TAMS 0x00000000e2600000, 0x00000000e2600000| Untracked 
|  39|0x00000000e2700000, 0x00000000e2800000, 0x00000000e2800000|100%|HS|  |TAMS 0x00000000e2800000, 0x00000000e2700000| Complete 
|  40|0x00000000e2800000, 0x00000000e2900000, 0x00000000e2900000|100%| O|  |TAMS 0x00000000e2900000, 0x00000000e2800000| Untracked 
|  41|0x00000000e2900000, 0x00000000e2a00000, 0x00000000e2a00000|100%| O|  |TAMS 0x00000000e2a00000, 0x00000000e2900000| Untracked 
|  42|0x00000000e2a00000, 0x00000000e2b00000, 0x00000000e2b00000|100%| O|  |TAMS 0x00000000e2b00000, 0x00000000e2a00000| Untracked 
|  43|0x00000000e2b00000, 0x00000000e2c00000, 0x00000000e2c00000|100%| O|  |TAMS 0x00000000e2c00000, 0x00000000e2b00000| Untracked 
|  44|0x00000000e2c00000, 0x00000000e2d00000, 0x00000000e2d00000|100%| O|  |TAMS 0x00000000e2d00000, 0x00000000e2c00000| Untracked 
|  45|0x00000000e2d00000, 0x00000000e2e00000, 0x00000000e2e00000|100%| O|  |TAMS 0x00000000e2e00000, 0x00000000e2d00000| Untracked 
|  46|0x00000000e2e00000, 0x00000000e2f00000, 0x00000000e2f00000|100%| O|  |TAMS 0x00000000e2f00000, 0x00000000e2e00000| Untracked 
|  47|0x00000000e2f00000, 0x00000000e3000000, 0x00000000e3000000|100%| O|  |TAMS 0x00000000e3000000, 0x00000000e2f00000| Untracked 
|  48|0x00000000e3000000, 0x00000000e3100000, 0x00000000e3100000|100%| O|  |TAMS 0x00000000e3100000, 0x00000000e3000000| Untracked 
|  49|0x00000000e3100000, 0x00000000e3200000, 0x00000000e3200000|100%| O|  |TAMS 0x00000000e3200000, 0x00000000e3100000| Untracked 
|  50|0x00000000e3200000, 0x00000000e3300000, 0x00000000e3300000|100%| O|  |TAMS 0x00000000e3300000, 0x00000000e3200000| Untracked 
|  51|0x00000000e3300000, 0x00000000e3400000, 0x00000000e3400000|100%| O|  |TAMS 0x00000000e3400000, 0x00000000e3300000| Untracked 
|  52|0x00000000e3400000, 0x00000000e3500000, 0x00000000e3500000|100%| O|  |TAMS 0x00000000e3500000, 0x00000000e3400000| Untracked 
|  53|0x00000000e3500000, 0x00000000e3600000, 0x00000000e3600000|100%| O|  |TAMS 0x00000000e3600000, 0x00000000e3500000| Untracked 
|  54|0x00000000e3600000, 0x00000000e3700000, 0x00000000e3700000|100%| O|  |TAMS 0x00000000e3700000, 0x00000000e3600000| Untracked 
|  55|0x00000000e3700000, 0x00000000e3800000, 0x00000000e3800000|100%| O|  |TAMS 0x00000000e3800000, 0x00000000e3700000| Untracked 
|  56|0x00000000e3800000, 0x00000000e3900000, 0x00000000e3900000|100%| O|  |TAMS 0x00000000e3900000, 0x00000000e3800000| Untracked 
|  57|0x00000000e3900000, 0x00000000e3a00000, 0x00000000e3a00000|100%| O|  |TAMS 0x00000000e3a00000, 0x00000000e3900000| Untracked 
|  58|0x00000000e3a00000, 0x00000000e3a00000, 0x00000000e3b00000|  0%| F|  |TAMS 0x00000000e3a00000, 0x00000000e3a00000| Untracked 
|  59|0x00000000e3b00000, 0x00000000e3c00000, 0x00000000e3c00000|100%| O|  |TAMS 0x00000000e3c00000, 0x00000000e3b00000| Untracked 
|  60|0x00000000e3c00000, 0x00000000e3d00000, 0x00000000e3d00000|100%| O|  |TAMS 0x00000000e3d00000, 0x00000000e3c00000| Untracked 
|  61|0x00000000e3d00000, 0x00000000e3e00000, 0x00000000e3e00000|100%| O|  |TAMS 0x00000000e3e00000, 0x00000000e3d00000| Untracked 
|  62|0x00000000e3e00000, 0x00000000e3f00000, 0x00000000e3f00000|100%| O|  |TAMS 0x00000000e3f00000, 0x00000000e3e00000| Untracked 
|  63|0x00000000e3f00000, 0x00000000e4000000, 0x00000000e4000000|100%| O|  |TAMS 0x00000000e4000000, 0x00000000e3f00000| Untracked 
|  64|0x00000000e4000000, 0x00000000e4100000, 0x00000000e4100000|100%| O|  |TAMS 0x00000000e4100000, 0x00000000e4000000| Untracked 
|  65|0x00000000e4100000, 0x00000000e4200000, 0x00000000e4200000|100%| O|  |TAMS 0x00000000e4200000, 0x00000000e4100000| Untracked 
|  66|0x00000000e4200000, 0x00000000e4300000, 0x00000000e4300000|100%| O|  |TAMS 0x00000000e4300000, 0x00000000e4200000| Untracked 
|  67|0x00000000e4300000, 0x00000000e4400000, 0x00000000e4400000|100%| O|  |TAMS 0x00000000e4400000, 0x00000000e4300000| Untracked 
|  68|0x00000000e4400000, 0x00000000e4500000, 0x00000000e4500000|100%| O|  |TAMS 0x00000000e4500000, 0x00000000e4400000| Untracked 
|  69|0x00000000e4500000, 0x00000000e4600000, 0x00000000e4600000|100%| O|  |TAMS 0x00000000e4600000, 0x00000000e4500000| Untracked 
|  70|0x00000000e4600000, 0x00000000e4700000, 0x00000000e4700000|100%| O|  |TAMS 0x00000000e4700000, 0x00000000e4600000| Untracked 
|  71|0x00000000e4700000, 0x00000000e4800000, 0x00000000e4800000|100%| O|  |TAMS 0x00000000e4800000, 0x00000000e4700000| Untracked 
|  72|0x00000000e4800000, 0x00000000e4900000, 0x00000000e4900000|100%| O|  |TAMS 0x00000000e4900000, 0x00000000e4800000| Untracked 
|  73|0x00000000e4900000, 0x00000000e4a00000, 0x00000000e4a00000|100%| O|  |TAMS 0x00000000e4a00000, 0x00000000e4900000| Untracked 
|  74|0x00000000e4a00000, 0x00000000e4b00000, 0x00000000e4b00000|100%| O|  |TAMS 0x00000000e4b00000, 0x00000000e4a00000| Untracked 
|  75|0x00000000e4b00000, 0x00000000e4c00000, 0x00000000e4c00000|100%| O|  |TAMS 0x00000000e4c00000, 0x00000000e4b00000| Untracked 
|  76|0x00000000e4c00000, 0x00000000e4d00000, 0x00000000e4d00000|100%| O|  |TAMS 0x00000000e4d00000, 0x00000000e4c00000| Untracked 
|  77|0x00000000e4d00000, 0x00000000e4e00000, 0x00000000e4e00000|100%| O|  |TAMS 0x00000000e4e00000, 0x00000000e4d00000| Untracked 
|  78|0x00000000e4e00000, 0x00000000e4f00000, 0x00000000e4f00000|100%| O|  |TAMS 0x00000000e4f00000, 0x00000000e4e00000| Untracked 
|  79|0x00000000e4f00000, 0x00000000e5000000, 0x00000000e5000000|100%| O|  |TAMS 0x00000000e5000000, 0x00000000e4f00000| Untracked 
|  80|0x00000000e5000000, 0x00000000e5100000, 0x00000000e5100000|100%| O|  |TAMS 0x00000000e5100000, 0x00000000e5000000| Untracked 
|  81|0x00000000e5100000, 0x00000000e5200000, 0x00000000e5200000|100%| O|  |TAMS 0x00000000e5200000, 0x00000000e5100000| Untracked 
|  82|0x00000000e5200000, 0x00000000e5300000, 0x00000000e5300000|100%| O|  |TAMS 0x00000000e5300000, 0x00000000e5200000| Untracked 
|  83|0x00000000e5300000, 0x00000000e5400000, 0x00000000e5400000|100%| O|  |TAMS 0x00000000e5400000, 0x00000000e5300000| Untracked 
|  84|0x00000000e5400000, 0x00000000e5500000, 0x00000000e5500000|100%| O|  |TAMS 0x00000000e5500000, 0x00000000e5400000| Complete 
|  85|0x00000000e5500000, 0x00000000e5600000, 0x00000000e5600000|100%| O|  |TAMS 0x00000000e5600000, 0x00000000e5500000| Complete 
|  86|0x00000000e5600000, 0x00000000e5700000, 0x00000000e5700000|100%| O|  |TAMS 0x00000000e5700000, 0x00000000e5600000| Untracked 
|  87|0x00000000e5700000, 0x00000000e5800000, 0x00000000e5800000|100%| O|  |TAMS 0x00000000e5800000, 0x00000000e5700000| Untracked 
|  88|0x00000000e5800000, 0x00000000e5900000, 0x00000000e5900000|100%| O|  |TAMS 0x00000000e5900000, 0x00000000e5800000| Untracked 
|  89|0x00000000e5900000, 0x00000000e5a00000, 0x00000000e5a00000|100%| O|  |TAMS 0x00000000e5a00000, 0x00000000e5900000| Untracked 
|  90|0x00000000e5a00000, 0x00000000e5b00000, 0x00000000e5b00000|100%| O|  |TAMS 0x00000000e5b00000, 0x00000000e5a00000| Untracked 
|  91|0x00000000e5b00000, 0x00000000e5c00000, 0x00000000e5c00000|100%| O|  |TAMS 0x00000000e5c00000, 0x00000000e5b00000| Complete 
|  92|0x00000000e5c00000, 0x00000000e5d00000, 0x00000000e5d00000|100%| O|  |TAMS 0x00000000e5d00000, 0x00000000e5c00000| Untracked 
|  93|0x00000000e5d00000, 0x00000000e5e00000, 0x00000000e5e00000|100%| O|  |TAMS 0x00000000e5e00000, 0x00000000e5d00000| Complete 
|  94|0x00000000e5e00000, 0x00000000e5f00000, 0x00000000e5f00000|100%| O|  |TAMS 0x00000000e5f00000, 0x00000000e5e00000| Complete 
|  95|0x00000000e5f00000, 0x00000000e6000000, 0x00000000e6000000|100%| O|  |TAMS 0x00000000e6000000, 0x00000000e5f00000| Untracked 
|  96|0x00000000e6000000, 0x00000000e6100000, 0x00000000e6100000|100%| O|  |TAMS 0x00000000e6100000, 0x00000000e6000000| Untracked 
|  97|0x00000000e6100000, 0x00000000e6200000, 0x00000000e6200000|100%| O|  |TAMS 0x00000000e6200000, 0x00000000e6100000| Untracked 
|  98|0x00000000e6200000, 0x00000000e6300000, 0x00000000e6300000|100%| O|  |TAMS 0x00000000e6300000, 0x00000000e6200000| Untracked 
|  99|0x00000000e6300000, 0x00000000e6400000, 0x00000000e6400000|100%| O|  |TAMS 0x00000000e6400000, 0x00000000e6300000| Untracked 
| 100|0x00000000e6400000, 0x00000000e6500000, 0x00000000e6500000|100%| O|  |TAMS 0x00000000e6500000, 0x00000000e6400000| Untracked 
| 101|0x00000000e6500000, 0x00000000e6600000, 0x00000000e6600000|100%| O|  |TAMS 0x00000000e6600000, 0x00000000e6500000| Untracked 
| 102|0x00000000e6600000, 0x00000000e6700000, 0x00000000e6700000|100%| O|  |TAMS 0x00000000e6700000, 0x00000000e6600000| Untracked 
| 103|0x00000000e6700000, 0x00000000e6800000, 0x00000000e6800000|100%| O|  |TAMS 0x00000000e6800000, 0x00000000e6700000| Untracked 
| 104|0x00000000e6800000, 0x00000000e6900000, 0x00000000e6900000|100%| O|  |TAMS 0x00000000e6900000, 0x00000000e6800000| Untracked 
| 105|0x00000000e6900000, 0x00000000e6a00000, 0x00000000e6a00000|100%| O|  |TAMS 0x00000000e6a00000, 0x00000000e6900000| Complete 
| 106|0x00000000e6a00000, 0x00000000e6b00000, 0x00000000e6b00000|100%| O|  |TAMS 0x00000000e6b00000, 0x00000000e6a00000| Untracked 
| 107|0x00000000e6b00000, 0x00000000e6b00000, 0x00000000e6c00000|  0%| F|  |TAMS 0x00000000e6b00000, 0x00000000e6b00000| Untracked 
| 108|0x00000000e6c00000, 0x00000000e6c00000, 0x00000000e6d00000|  0%| F|  |TAMS 0x00000000e6c00000, 0x00000000e6c00000| Untracked 
| 109|0x00000000e6d00000, 0x00000000e6d00000, 0x00000000e6e00000|  0%| F|  |TAMS 0x00000000e6d00000, 0x00000000e6d00000| Untracked 
| 110|0x00000000e6e00000, 0x00000000e6e00000, 0x00000000e6f00000|  0%| F|  |TAMS 0x00000000e6e00000, 0x00000000e6e00000| Untracked 
| 111|0x00000000e6f00000, 0x00000000e6f00000, 0x00000000e7000000|  0%| F|  |TAMS 0x00000000e6f00000, 0x00000000e6f00000| Untracked 
| 112|0x00000000e7000000, 0x00000000e7100000, 0x00000000e7100000|100%| O|  |TAMS 0x00000000e7100000, 0x00000000e7000000| Complete 
| 113|0x00000000e7100000, 0x00000000e7100000, 0x00000000e7200000|  0%| F|  |TAMS 0x00000000e7100000, 0x00000000e7100000| Untracked 
| 114|0x00000000e7200000, 0x00000000e7300000, 0x00000000e7300000|100%| O|  |TAMS 0x00000000e7300000, 0x00000000e7200000| Complete 
| 115|0x00000000e7300000, 0x00000000e7400000, 0x00000000e7400000|100%| O|  |TAMS 0x00000000e7400000, 0x00000000e7300000| Untracked 
| 116|0x00000000e7400000, 0x00000000e7500000, 0x00000000e7500000|100%| O|  |TAMS 0x00000000e7500000, 0x00000000e7400000| Untracked 
| 117|0x00000000e7500000, 0x00000000e7600000, 0x00000000e7600000|100%| O|  |TAMS 0x00000000e7600000, 0x00000000e7500000| Untracked 
| 118|0x00000000e7600000, 0x00000000e7700000, 0x00000000e7700000|100%| O|  |TAMS 0x00000000e7700000, 0x00000000e7600000| Untracked 
| 119|0x00000000e7700000, 0x00000000e7800000, 0x00000000e7800000|100%| O|  |TAMS 0x00000000e7800000, 0x00000000e7700000| Untracked 
| 120|0x00000000e7800000, 0x00000000e7900000, 0x00000000e7900000|100%| O|  |TAMS 0x00000000e7900000, 0x00000000e7800000| Complete 
| 121|0x00000000e7900000, 0x00000000e7a00000, 0x00000000e7a00000|100%| O|  |TAMS 0x00000000e7a00000, 0x00000000e7900000| Untracked 
| 122|0x00000000e7a00000, 0x00000000e7b00000, 0x00000000e7b00000|100%| O|  |TAMS 0x00000000e7b00000, 0x00000000e7a00000| Untracked 
| 123|0x00000000e7b00000, 0x00000000e7c00000, 0x00000000e7c00000|100%| O|  |TAMS 0x00000000e7c00000, 0x00000000e7b00000| Untracked 
| 124|0x00000000e7c00000, 0x00000000e7d00000, 0x00000000e7d00000|100%| O|  |TAMS 0x00000000e7d00000, 0x00000000e7c00000| Untracked 
| 125|0x00000000e7d00000, 0x00000000e7e00000, 0x00000000e7e00000|100%| O|  |TAMS 0x00000000e7e00000, 0x00000000e7d00000| Untracked 
| 126|0x00000000e7e00000, 0x00000000e7f00000, 0x00000000e7f00000|100%| O|  |TAMS 0x00000000e7f00000, 0x00000000e7e00000| Untracked 
| 127|0x00000000e7f00000, 0x00000000e8000000, 0x00000000e8000000|100%| O|  |TAMS 0x00000000e8000000, 0x00000000e7f00000| Untracked 
| 128|0x00000000e8000000, 0x00000000e8100000, 0x00000000e8100000|100%| O|  |TAMS 0x00000000e8100000, 0x00000000e8000000| Untracked 
| 129|0x00000000e8100000, 0x00000000e8200000, 0x00000000e8200000|100%| O|  |TAMS 0x00000000e8200000, 0x00000000e8100000| Untracked 
| 130|0x00000000e8200000, 0x00000000e8300000, 0x00000000e8300000|100%| O|  |TAMS 0x00000000e8300000, 0x00000000e8200000| Complete 
| 131|0x00000000e8300000, 0x00000000e8400000, 0x00000000e8400000|100%| O|  |TAMS 0x00000000e8400000, 0x00000000e8300000| Complete 
| 132|0x00000000e8400000, 0x00000000e8500000, 0x00000000e8500000|100%| O|  |TAMS 0x00000000e8500000, 0x00000000e8400000| Complete 
| 133|0x00000000e8500000, 0x00000000e8600000, 0x00000000e8600000|100%| O|  |TAMS 0x00000000e8600000, 0x00000000e8500000| Complete 
| 134|0x00000000e8600000, 0x00000000e8700000, 0x00000000e8700000|100%| O|  |TAMS 0x00000000e8700000, 0x00000000e8600000| Complete 
| 135|0x00000000e8700000, 0x00000000e8800000, 0x00000000e8800000|100%|HS|  |TAMS 0x00000000e8800000, 0x00000000e8700000| Complete 
| 136|0x00000000e8800000, 0x00000000e8800000, 0x00000000e8900000|  0%| F|  |TAMS 0x00000000e8800000, 0x00000000e8800000| Untracked 
| 137|0x00000000e8900000, 0x00000000e8900000, 0x00000000e8a00000|  0%| F|  |TAMS 0x00000000e8900000, 0x00000000e8900000| Untracked 
| 138|0x00000000e8a00000, 0x00000000e8a00000, 0x00000000e8b00000|  0%| F|  |TAMS 0x00000000e8a00000, 0x00000000e8a00000| Untracked 
| 139|0x00000000e8b00000, 0x00000000e8c00000, 0x00000000e8c00000|100%| O|  |TAMS 0x00000000e8c00000, 0x00000000e8b00000| Complete 
| 140|0x00000000e8c00000, 0x00000000e8d00000, 0x00000000e8d00000|100%| O|  |TAMS 0x00000000e8d00000, 0x00000000e8c00000| Complete 
| 141|0x00000000e8d00000, 0x00000000e8e00000, 0x00000000e8e00000|100%| O|  |TAMS 0x00000000e8e00000, 0x00000000e8d00000| Complete 
| 142|0x00000000e8e00000, 0x00000000e8f00000, 0x00000000e8f00000|100%| O|  |TAMS 0x00000000e8f00000, 0x00000000e8e00000| Complete 
| 143|0x00000000e8f00000, 0x00000000e9000000, 0x00000000e9000000|100%| O|  |TAMS 0x00000000e9000000, 0x00000000e8f00000| Complete 
| 144|0x00000000e9000000, 0x00000000e9100000, 0x00000000e9100000|100%| O|  |TAMS 0x00000000e9100000, 0x00000000e9000000| Untracked 
| 145|0x00000000e9100000, 0x00000000e9200000, 0x00000000e9200000|100%| O|  |TAMS 0x00000000e9200000, 0x00000000e9100000| Untracked 
| 146|0x00000000e9200000, 0x00000000e9300000, 0x00000000e9300000|100%| O|  |TAMS 0x00000000e9300000, 0x00000000e9200000| Untracked 
| 147|0x00000000e9300000, 0x00000000e9400000, 0x00000000e9400000|100%| O|  |TAMS 0x00000000e9400000, 0x00000000e9300000| Complete 
| 148|0x00000000e9400000, 0x00000000e9500000, 0x00000000e9500000|100%| O|  |TAMS 0x00000000e9500000, 0x00000000e9400000| Complete 
| 149|0x00000000e9500000, 0x00000000e9600000, 0x00000000e9600000|100%| O|  |TAMS 0x00000000e9600000, 0x00000000e9500000| Complete 
| 150|0x00000000e9600000, 0x00000000e9700000, 0x00000000e9700000|100%| O|  |TAMS 0x00000000e9700000, 0x00000000e9600000| Untracked 
| 151|0x00000000e9700000, 0x00000000e9800000, 0x00000000e9800000|100%| O|  |TAMS 0x00000000e9800000, 0x00000000e9700000| Complete 
| 152|0x00000000e9800000, 0x00000000e9900000, 0x00000000e9900000|100%| O|  |TAMS 0x00000000e9900000, 0x00000000e9800000| Complete 
| 153|0x00000000e9900000, 0x00000000e9900000, 0x00000000e9a00000|  0%| F|  |TAMS 0x00000000e9900000, 0x00000000e9900000| Untracked 
| 154|0x00000000e9a00000, 0x00000000e9b00000, 0x00000000e9b00000|100%| O|  |TAMS 0x00000000e9b00000, 0x00000000e9a00000| Complete 
| 155|0x00000000e9b00000, 0x00000000e9b00000, 0x00000000e9c00000|  0%| F|  |TAMS 0x00000000e9b00000, 0x00000000e9b00000| Untracked 
| 156|0x00000000e9c00000, 0x00000000e9c00000, 0x00000000e9d00000|  0%| F|  |TAMS 0x00000000e9c00000, 0x00000000e9c00000| Untracked 
| 157|0x00000000e9d00000, 0x00000000e9d00000, 0x00000000e9e00000|  0%| F|  |TAMS 0x00000000e9d00000, 0x00000000e9d00000| Untracked 
| 158|0x00000000e9e00000, 0x00000000e9e00000, 0x00000000e9f00000|  0%| F|  |TAMS 0x00000000e9e00000, 0x00000000e9e00000| Untracked 
| 159|0x00000000e9f00000, 0x00000000e9f00000, 0x00000000ea000000|  0%| F|  |TAMS 0x00000000e9f00000, 0x00000000e9f00000| Untracked 
| 160|0x00000000ea000000, 0x00000000ea000000, 0x00000000ea100000|  0%| F|  |TAMS 0x00000000ea000000, 0x00000000ea000000| Untracked 
| 161|0x00000000ea100000, 0x00000000ea200000, 0x00000000ea200000|100%| O|  |TAMS 0x00000000ea200000, 0x00000000ea100000| Complete 
| 162|0x00000000ea200000, 0x00000000ea300000, 0x00000000ea300000|100%| O|  |TAMS 0x00000000ea300000, 0x00000000ea200000| Complete 
| 163|0x00000000ea300000, 0x00000000ea400000, 0x00000000ea400000|100%| O|  |TAMS 0x00000000ea400000, 0x00000000ea300000| Complete 
| 164|0x00000000ea400000, 0x00000000ea500000, 0x00000000ea500000|100%| O|  |TAMS 0x00000000ea500000, 0x00000000ea400000| Complete 
| 165|0x00000000ea500000, 0x00000000ea600000, 0x00000000ea600000|100%| O|  |TAMS 0x00000000ea600000, 0x00000000ea500000| Complete 
| 166|0x00000000ea600000, 0x00000000ea700000, 0x00000000ea700000|100%| O|  |TAMS 0x00000000ea700000, 0x00000000ea600000| Complete 
| 167|0x00000000ea700000, 0x00000000ea700000, 0x00000000ea800000|  0%| F|  |TAMS 0x00000000ea700000, 0x00000000ea700000| Untracked 
| 168|0x00000000ea800000, 0x00000000ea900000, 0x00000000ea900000|100%| O|  |TAMS 0x00000000ea900000, 0x00000000ea800000| Untracked 
| 169|0x00000000ea900000, 0x00000000eaa00000, 0x00000000eaa00000|100%| O|  |TAMS 0x00000000eaa00000, 0x00000000ea900000| Untracked 
| 170|0x00000000eaa00000, 0x00000000eab00000, 0x00000000eab00000|100%| O|  |TAMS 0x00000000eab00000, 0x00000000eaa00000| Untracked 
| 171|0x00000000eab00000, 0x00000000eac00000, 0x00000000eac00000|100%| O|  |TAMS 0x00000000eac00000, 0x00000000eab00000| Complete 
| 172|0x00000000eac00000, 0x00000000ead00000, 0x00000000ead00000|100%| O|  |TAMS 0x00000000ead00000, 0x00000000eac00000| Complete 
| 173|0x00000000ead00000, 0x00000000eae00000, 0x00000000eae00000|100%| O|  |TAMS 0x00000000eae00000, 0x00000000ead00000| Complete 
| 174|0x00000000eae00000, 0x00000000eaf00000, 0x00000000eaf00000|100%| O|  |TAMS 0x00000000eaf00000, 0x00000000eae00000| Complete 
| 175|0x00000000eaf00000, 0x00000000eaf00000, 0x00000000eb000000|  0%| F|  |TAMS 0x00000000eaf00000, 0x00000000eaf00000| Untracked 
| 176|0x00000000eb000000, 0x00000000eb000000, 0x00000000eb100000|  0%| F|  |TAMS 0x00000000eb000000, 0x00000000eb000000| Untracked 
| 177|0x00000000eb100000, 0x00000000eb100000, 0x00000000eb200000|  0%| F|  |TAMS 0x00000000eb100000, 0x00000000eb100000| Untracked 
| 178|0x00000000eb200000, 0x00000000eb200000, 0x00000000eb300000|  0%| F|  |TAMS 0x00000000eb200000, 0x00000000eb200000| Untracked 
| 179|0x00000000eb300000, 0x00000000eb300000, 0x00000000eb400000|  0%| F|  |TAMS 0x00000000eb300000, 0x00000000eb300000| Untracked 
| 180|0x00000000eb400000, 0x00000000eb400000, 0x00000000eb500000|  0%| F|  |TAMS 0x00000000eb400000, 0x00000000eb400000| Untracked 
| 181|0x00000000eb500000, 0x00000000eb500000, 0x00000000eb600000|  0%| F|  |TAMS 0x00000000eb500000, 0x00000000eb500000| Untracked 
| 182|0x00000000eb600000, 0x00000000eb600000, 0x00000000eb700000|  0%| F|  |TAMS 0x00000000eb600000, 0x00000000eb600000| Untracked 
| 183|0x00000000eb700000, 0x00000000eb700000, 0x00000000eb800000|  0%| F|  |TAMS 0x00000000eb700000, 0x00000000eb700000| Untracked 
| 184|0x00000000eb800000, 0x00000000eb800000, 0x00000000eb900000|  0%| F|  |TAMS 0x00000000eb800000, 0x00000000eb800000| Untracked 
| 185|0x00000000eb900000, 0x00000000eb900000, 0x00000000eba00000|  0%| F|  |TAMS 0x00000000eb900000, 0x00000000eb900000| Untracked 
| 186|0x00000000eba00000, 0x00000000eba00000, 0x00000000ebb00000|  0%| F|  |TAMS 0x00000000eba00000, 0x00000000eba00000| Untracked 
| 187|0x00000000ebb00000, 0x00000000ebb00000, 0x00000000ebc00000|  0%| F|  |TAMS 0x00000000ebb00000, 0x00000000ebb00000| Untracked 
| 188|0x00000000ebc00000, 0x00000000ebc00000, 0x00000000ebd00000|  0%| F|  |TAMS 0x00000000ebc00000, 0x00000000ebc00000| Untracked 
| 189|0x00000000ebd00000, 0x00000000ebd00000, 0x00000000ebe00000|  0%| F|  |TAMS 0x00000000ebd00000, 0x00000000ebd00000| Untracked 
| 190|0x00000000ebe00000, 0x00000000ebe00000, 0x00000000ebf00000|  0%| F|  |TAMS 0x00000000ebe00000, 0x00000000ebe00000| Untracked 
| 191|0x00000000ebf00000, 0x00000000ebf00000, 0x00000000ec000000|  0%| F|  |TAMS 0x00000000ebf00000, 0x00000000ebf00000| Untracked 
| 192|0x00000000ec000000, 0x00000000ec000000, 0x00000000ec100000|  0%| F|  |TAMS 0x00000000ec000000, 0x00000000ec000000| Untracked 
| 193|0x00000000ec100000, 0x00000000ec100000, 0x00000000ec200000|  0%| F|  |TAMS 0x00000000ec100000, 0x00000000ec100000| Untracked 
| 194|0x00000000ec200000, 0x00000000ec200000, 0x00000000ec300000|  0%| F|  |TAMS 0x00000000ec200000, 0x00000000ec200000| Untracked 
| 195|0x00000000ec300000, 0x00000000ec300000, 0x00000000ec400000|  0%| F|  |TAMS 0x00000000ec300000, 0x00000000ec300000| Untracked 
| 196|0x00000000ec400000, 0x00000000ec400000, 0x00000000ec500000|  0%| F|  |TAMS 0x00000000ec400000, 0x00000000ec400000| Untracked 
| 197|0x00000000ec500000, 0x00000000ec500000, 0x00000000ec600000|  0%| F|  |TAMS 0x00000000ec500000, 0x00000000ec500000| Untracked 
| 198|0x00000000ec600000, 0x00000000ec600000, 0x00000000ec700000|  0%| F|  |TAMS 0x00000000ec600000, 0x00000000ec600000| Untracked 
| 199|0x00000000ec700000, 0x00000000ec700000, 0x00000000ec800000|  0%| F|  |TAMS 0x00000000ec700000, 0x00000000ec700000| Untracked 
| 200|0x00000000ec800000, 0x00000000ec800000, 0x00000000ec900000|  0%| F|  |TAMS 0x00000000ec800000, 0x00000000ec800000| Untracked 
| 201|0x00000000ec900000, 0x00000000ec900000, 0x00000000eca00000|  0%| F|  |TAMS 0x00000000ec900000, 0x00000000ec900000| Untracked 
| 202|0x00000000eca00000, 0x00000000eca00000, 0x00000000ecb00000|  0%| F|  |TAMS 0x00000000eca00000, 0x00000000eca00000| Untracked 
| 203|0x00000000ecb00000, 0x00000000ecb00000, 0x00000000ecc00000|  0%| F|  |TAMS 0x00000000ecb00000, 0x00000000ecb00000| Untracked 
| 204|0x00000000ecc00000, 0x00000000ecc00000, 0x00000000ecd00000|  0%| F|  |TAMS 0x00000000ecc00000, 0x00000000ecc00000| Untracked 
| 205|0x00000000ecd00000, 0x00000000ecd00000, 0x00000000ece00000|  0%| F|  |TAMS 0x00000000ecd00000, 0x00000000ecd00000| Untracked 
| 206|0x00000000ece00000, 0x00000000ece00000, 0x00000000ecf00000|  0%| F|  |TAMS 0x00000000ece00000, 0x00000000ece00000| Untracked 
| 207|0x00000000ecf00000, 0x00000000ecf00000, 0x00000000ed000000|  0%| F|  |TAMS 0x00000000ecf00000, 0x00000000ecf00000| Untracked 
| 208|0x00000000ed000000, 0x00000000ed000000, 0x00000000ed100000|  0%| F|  |TAMS 0x00000000ed000000, 0x00000000ed000000| Untracked 
| 209|0x00000000ed100000, 0x00000000ed100000, 0x00000000ed200000|  0%| F|  |TAMS 0x00000000ed100000, 0x00000000ed100000| Untracked 
| 210|0x00000000ed200000, 0x00000000ed200000, 0x00000000ed300000|  0%| F|  |TAMS 0x00000000ed200000, 0x00000000ed200000| Untracked 
| 211|0x00000000ed300000, 0x00000000ed300000, 0x00000000ed400000|  0%| F|  |TAMS 0x00000000ed300000, 0x00000000ed300000| Untracked 
| 212|0x00000000ed400000, 0x00000000ed400000, 0x00000000ed500000|  0%| F|  |TAMS 0x00000000ed400000, 0x00000000ed400000| Untracked 
| 213|0x00000000ed500000, 0x00000000ed500000, 0x00000000ed600000|  0%| F|  |TAMS 0x00000000ed500000, 0x00000000ed500000| Untracked 
| 214|0x00000000ed600000, 0x00000000ed600000, 0x00000000ed700000|  0%| F|  |TAMS 0x00000000ed600000, 0x00000000ed600000| Untracked 
| 215|0x00000000ed700000, 0x00000000ed700000, 0x00000000ed800000|  0%| F|  |TAMS 0x00000000ed700000, 0x00000000ed700000| Untracked 
| 216|0x00000000ed800000, 0x00000000ed800000, 0x00000000ed900000|  0%| F|  |TAMS 0x00000000ed800000, 0x00000000ed800000| Untracked 
| 217|0x00000000ed900000, 0x00000000ed900000, 0x00000000eda00000|  0%| F|  |TAMS 0x00000000ed900000, 0x00000000ed900000| Untracked 
| 218|0x00000000eda00000, 0x00000000eda00000, 0x00000000edb00000|  0%| F|  |TAMS 0x00000000eda00000, 0x00000000eda00000| Untracked 
| 219|0x00000000edb00000, 0x00000000edb00000, 0x00000000edc00000|  0%| F|  |TAMS 0x00000000edb00000, 0x00000000edb00000| Untracked 
| 220|0x00000000edc00000, 0x00000000edc00000, 0x00000000edd00000|  0%| F|  |TAMS 0x00000000edc00000, 0x00000000edc00000| Untracked 
| 221|0x00000000edd00000, 0x00000000edd00000, 0x00000000ede00000|  0%| F|  |TAMS 0x00000000edd00000, 0x00000000edd00000| Untracked 
| 222|0x00000000ede00000, 0x00000000ede00000, 0x00000000edf00000|  0%| F|  |TAMS 0x00000000ede00000, 0x00000000ede00000| Untracked 
| 223|0x00000000edf00000, 0x00000000edf00000, 0x00000000ee000000|  0%| F|  |TAMS 0x00000000edf00000, 0x00000000edf00000| Untracked 
| 224|0x00000000ee000000, 0x00000000ee000000, 0x00000000ee100000|  0%| F|  |TAMS 0x00000000ee000000, 0x00000000ee000000| Untracked 
| 225|0x00000000ee100000, 0x00000000ee100000, 0x00000000ee200000|  0%| F|  |TAMS 0x00000000ee100000, 0x00000000ee100000| Untracked 
| 226|0x00000000ee200000, 0x00000000ee200000, 0x00000000ee300000|  0%| F|  |TAMS 0x00000000ee200000, 0x00000000ee200000| Untracked 
| 227|0x00000000ee300000, 0x00000000ee300000, 0x00000000ee400000|  0%| F|  |TAMS 0x00000000ee300000, 0x00000000ee300000| Untracked 
| 228|0x00000000ee400000, 0x00000000ee400000, 0x00000000ee500000|  0%| F|  |TAMS 0x00000000ee400000, 0x00000000ee400000| Untracked 
| 229|0x00000000ee500000, 0x00000000ee500000, 0x00000000ee600000|  0%| F|  |TAMS 0x00000000ee500000, 0x00000000ee500000| Untracked 
| 230|0x00000000ee600000, 0x00000000ee600000, 0x00000000ee700000|  0%| F|  |TAMS 0x00000000ee600000, 0x00000000ee600000| Untracked 
| 231|0x00000000ee700000, 0x00000000ee700000, 0x00000000ee800000|  0%| F|  |TAMS 0x00000000ee700000, 0x00000000ee700000| Untracked 
| 232|0x00000000ee800000, 0x00000000ee800000, 0x00000000ee900000|  0%| F|  |TAMS 0x00000000ee800000, 0x00000000ee800000| Untracked 
| 233|0x00000000ee900000, 0x00000000ee900000, 0x00000000eea00000|  0%| F|  |TAMS 0x00000000ee900000, 0x00000000ee900000| Untracked 
| 234|0x00000000eea00000, 0x00000000eeb00000, 0x00000000eeb00000|100%| S|CS|TAMS 0x00000000eea00000, 0x00000000eea00000| Complete 
| 235|0x00000000eeb00000, 0x00000000eec00000, 0x00000000eec00000|100%| S|CS|TAMS 0x00000000eeb00000, 0x00000000eeb00000| Complete 
| 236|0x00000000eec00000, 0x00000000eed00000, 0x00000000eed00000|100%| S|CS|TAMS 0x00000000eec00000, 0x00000000eec00000| Complete 
| 237|0x00000000eed00000, 0x00000000eee00000, 0x00000000eee00000|100%| S|CS|TAMS 0x00000000eed00000, 0x00000000eed00000| Complete 
| 238|0x00000000eee00000, 0x00000000eee00000, 0x00000000eef00000|  0%| F|  |TAMS 0x00000000eee00000, 0x00000000eee00000| Untracked 
| 239|0x00000000eef00000, 0x00000000eef00000, 0x00000000ef000000|  0%| F|  |TAMS 0x00000000eef00000, 0x00000000eef00000| Untracked 
| 240|0x00000000ef000000, 0x00000000ef000000, 0x00000000ef100000|  0%| F|  |TAMS 0x00000000ef000000, 0x00000000ef000000| Untracked 
| 241|0x00000000ef100000, 0x00000000ef100000, 0x00000000ef200000|  0%| F|  |TAMS 0x00000000ef100000, 0x00000000ef100000| Untracked 
| 242|0x00000000ef200000, 0x00000000ef200000, 0x00000000ef300000|  0%| F|  |TAMS 0x00000000ef200000, 0x00000000ef200000| Untracked 
| 243|0x00000000ef300000, 0x00000000ef300000, 0x00000000ef400000|  0%| F|  |TAMS 0x00000000ef300000, 0x00000000ef300000| Untracked 
| 244|0x00000000ef400000, 0x00000000ef400000, 0x00000000ef500000|  0%| F|  |TAMS 0x00000000ef400000, 0x00000000ef400000| Untracked 
| 245|0x00000000ef500000, 0x00000000ef500000, 0x00000000ef600000|  0%| F|  |TAMS 0x00000000ef500000, 0x00000000ef500000| Untracked 
| 246|0x00000000ef600000, 0x00000000ef600000, 0x00000000ef700000|  0%| F|  |TAMS 0x00000000ef600000, 0x00000000ef600000| Untracked 
| 247|0x00000000ef700000, 0x00000000ef700000, 0x00000000ef800000|  0%| F|  |TAMS 0x00000000ef700000, 0x00000000ef700000| Untracked 
| 248|0x00000000ef800000, 0x00000000ef800000, 0x00000000ef900000|  0%| F|  |TAMS 0x00000000ef800000, 0x00000000ef800000| Untracked 
| 249|0x00000000ef900000, 0x00000000ef900000, 0x00000000efa00000|  0%| F|  |TAMS 0x00000000ef900000, 0x00000000ef900000| Untracked 
| 250|0x00000000efa00000, 0x00000000efa00000, 0x00000000efb00000|  0%| F|  |TAMS 0x00000000efa00000, 0x00000000efa00000| Untracked 
| 251|0x00000000efb00000, 0x00000000efb00000, 0x00000000efc00000|  0%| F|  |TAMS 0x00000000efb00000, 0x00000000efb00000| Untracked 
| 252|0x00000000efc00000, 0x00000000efc00000, 0x00000000efd00000|  0%| F|  |TAMS 0x00000000efc00000, 0x00000000efc00000| Untracked 
| 253|0x00000000efd00000, 0x00000000efd00000, 0x00000000efe00000|  0%| F|  |TAMS 0x00000000efd00000, 0x00000000efd00000| Untracked 
| 254|0x00000000efe00000, 0x00000000efe00000, 0x00000000eff00000|  0%| F|  |TAMS 0x00000000efe00000, 0x00000000efe00000| Untracked 
| 255|0x00000000eff00000, 0x00000000eff00000, 0x00000000f0000000|  0%| F|  |TAMS 0x00000000eff00000, 0x00000000eff00000| Untracked 
| 256|0x00000000f0000000, 0x00000000f0000000, 0x00000000f0100000|  0%| F|  |TAMS 0x00000000f0000000, 0x00000000f0000000| Untracked 
| 257|0x00000000f0100000, 0x00000000f0100000, 0x00000000f0200000|  0%| F|  |TAMS 0x00000000f0100000, 0x00000000f0100000| Untracked 
| 258|0x00000000f0200000, 0x00000000f0200000, 0x00000000f0300000|  0%| F|  |TAMS 0x00000000f0200000, 0x00000000f0200000| Untracked 
| 259|0x00000000f0300000, 0x00000000f0300000, 0x00000000f0400000|  0%| F|  |TAMS 0x00000000f0300000, 0x00000000f0300000| Untracked 
| 260|0x00000000f0400000, 0x00000000f0400000, 0x00000000f0500000|  0%| F|  |TAMS 0x00000000f0400000, 0x00000000f0400000| Untracked 
| 261|0x00000000f0500000, 0x00000000f0500000, 0x00000000f0600000|  0%| F|  |TAMS 0x00000000f0500000, 0x00000000f0500000| Untracked 
| 262|0x00000000f0600000, 0x00000000f0600000, 0x00000000f0700000|  0%| F|  |TAMS 0x00000000f0600000, 0x00000000f0600000| Untracked 
| 263|0x00000000f0700000, 0x00000000f0718890, 0x00000000f0800000|  9%| E|  |TAMS 0x00000000f0700000, 0x00000000f0700000| Complete 
| 264|0x00000000f0800000, 0x00000000f0900000, 0x00000000f0900000|100%| E|CS|TAMS 0x00000000f0800000, 0x00000000f0800000| Complete 
| 265|0x00000000f0900000, 0x00000000f0a00000, 0x00000000f0a00000|100%| E|CS|TAMS 0x00000000f0900000, 0x00000000f0900000| Complete 
| 266|0x00000000f0a00000, 0x00000000f0b00000, 0x00000000f0b00000|100%| E|CS|TAMS 0x00000000f0a00000, 0x00000000f0a00000| Complete 
| 267|0x00000000f0b00000, 0x00000000f0c00000, 0x00000000f0c00000|100%| E|CS|TAMS 0x00000000f0b00000, 0x00000000f0b00000| Complete 
| 268|0x00000000f0c00000, 0x00000000f0d00000, 0x00000000f0d00000|100%| E|CS|TAMS 0x00000000f0c00000, 0x00000000f0c00000| Complete 
| 269|0x00000000f0d00000, 0x00000000f0e00000, 0x00000000f0e00000|100%| E|CS|TAMS 0x00000000f0d00000, 0x00000000f0d00000| Complete 
| 270|0x00000000f0e00000, 0x00000000f0f00000, 0x00000000f0f00000|100%| E|CS|TAMS 0x00000000f0e00000, 0x00000000f0e00000| Complete 
| 271|0x00000000f0f00000, 0x00000000f1000000, 0x00000000f1000000|100%| E|CS|TAMS 0x00000000f0f00000, 0x00000000f0f00000| Complete 

Card table byte_map: [0x000001c7ae200000,0x000001c7ae300000] _byte_map_base: 0x000001c7adb00000

Marking Bits (Prev, Next): (CMBitMap*) 0x000001c797038820, (CMBitMap*) 0x000001c797038860
 Prev Bits: [0x000001c7ae400000, 0x000001c7aec00000)
 Next Bits: [0x000001c7aec00000, 0x000001c7af400000)

Polling page: 0x000001c794d40000

Metaspace:

Usage:
  Non-class:     53.53 MB used.
      Class:      8.43 MB used.
       Both:     61.96 MB used.

Virtual space:
  Non-class space:       56.00 MB reserved,      53.94 MB ( 96%) committed,  7 nodes.
      Class space:      308.00 MB reserved,       8.81 MB (  3%) committed,  1 nodes.
             Both:      364.00 MB reserved,      62.75 MB ( 17%) committed. 

Chunk freelists:
   Non-Class:  2.04 MB
       Class:  3.22 MB
        Both:  5.26 MB

MaxMetaspaceSize: 384.00 MB
CompressedClassSpaceSize: 308.00 MB
Initial GC threshold: 21.00 MB
Current GC threshold: 99.19 MB
CDS: on
MetaspaceReclaimPolicy: balanced
 - commit_granule_bytes: 65536.
 - commit_granule_words: 8192.
 - virtual_space_node_default_size: 1048576.
 - enlarge_chunks_in_place: 1.
 - new_chunks_are_fully_committed: 0.
 - uncommit_free_chunks: 1.
 - use_allocation_guard: 0.
 - handle_deallocations: 1.


Internal statistics:

num_allocs_failed_limit: 6.
num_arena_births: 1152.
num_arena_deaths: 0.
num_vsnodes_births: 8.
num_vsnodes_deaths: 0.
num_space_committed: 1004.
num_space_uncommitted: 0.
num_chunks_returned_to_freelist: 6.
num_chunks_taken_from_freelist: 4007.
num_chunk_merges: 3.
num_chunk_splits: 2428.
num_chunks_enlarged: 1415.
num_purges: 0.
num_inconsistent_stats: 0.

CodeHeap 'non-profiled nmethods': size=119168Kb used=4817Kb max_used=4917Kb free=114350Kb
 bounds [0x000001c7a6420000, 0x000001c7a68f0000, 0x000001c7ad880000]
CodeHeap 'profiled nmethods': size=119104Kb used=14809Kb max_used=14809Kb free=104295Kb
 bounds [0x000001c79e880000, 0x000001c79f700000, 0x000001c7a5cd0000]
CodeHeap 'non-nmethods': size=7488Kb used=2982Kb max_used=4165Kb free=4505Kb
 bounds [0x000001c7a5cd0000, 0x000001c7a60f0000, 0x000001c7a6420000]
 total_blobs=8232 nmethods=7358 adapters=785
 compilation: enabled
              stopped_count=0, restarted_count=0
 full_count=0

Compilation events (20 events):
Event: 31.971 Thread 0x000001c7b2390010 nmethod 8650 0x000001c79f6ec110 code [0x000001c79f6ec480, 0x000001c79f6edfc8]
Event: 31.971 Thread 0x000001c7b2390010 8654   !   3       java.nio.charset.CharsetDecoder::decode (275 bytes)
Event: 31.972 Thread 0x000001c7b2390010 nmethod 8654 0x000001c79f6ee710 code [0x000001c79f6eea40, 0x000001c79f6effc8]
Event: 31.972 Thread 0x000001c7b2390010 8653       3       org.gradle.internal.io.StreamByteBuffer::hasRemaining (17 bytes)
Event: 31.973 Thread 0x000001c7b2390010 nmethod 8653 0x000001c79f6f0690 code [0x000001c79f6f0840, 0x000001c79f6f0ab8]
Event: 31.973 Thread 0x000001c7b2390010 8660       3       org.gradle.internal.remote.internal.inet.SocketConnection$SocketOutputStream::writeWithNonBlockingRetry (52 bytes)
Event: 31.973 Thread 0x000001c7b2390010 nmethod 8660 0x000001c79f6f0b90 code [0x000001c79f6f0d80, 0x000001c79f6f11c8]
Event: 31.973 Thread 0x000001c7b2390010 8662       3       org.gradle.internal.logging.text.AbstractLineChoppingStyledTextOutput$StateContext::flushLineText (113 bytes)
Event: 31.974 Thread 0x000001c7b2390010 nmethod 8662 0x000001c79f6f1390 code [0x000001c79f6f1620, 0x000001c79f6f1fd8]
Event: 31.974 Thread 0x000001c7b2390010 8646       3       org.gradle.internal.operations.DefaultBuildOperationListenerManager$ProgressShieldingBuildOperationListener::progress (25 bytes)
Event: 31.974 Thread 0x000001c7b2390010 nmethod 8646 0x000001c79f6f2390 code [0x000001c79f6f2540, 0x000001c79f6f2858]
Event: 31.974 Thread 0x000001c7b2390010 8652       3       org.gradle.internal.logging.events.RenderableOutputEvent::<init> (15 bytes)
Event: 31.975 Thread 0x000001c7b2390010 nmethod 8652 0x000001c79f6f2990 code [0x000001c79f6f2b40, 0x000001c79f6f2e78]
Event: 31.975 Thread 0x000001c7b2390010 8649       3       org.gradle.internal.logging.console.StyledTextOutputBackedRenderer$OutputEventTextOutputImpl::doLineText (17 bytes)
Event: 31.975 Thread 0x000001c7b2390010 nmethod 8649 0x000001c79f6f2f90 code [0x000001c79f6f3160, 0x000001c79f6f3598]
Event: 31.975 Thread 0x000001c7b2390010 8655       3       java.nio.Buffer::flip (20 bytes)
Event: 31.976 Thread 0x000001c7b2390010 nmethod 8655 0x000001c79f6f3710 code [0x000001c79f6f38a0, 0x000001c79f6f39b8]
Event: 31.976 Thread 0x000001c7b2390010 8647       1       org.gradle.launcher.daemon.server.exec.LogToClient::access$100 (5 bytes)
Event: 31.976 Thread 0x000001c7b2390010 nmethod 8647 0x000001c7a6555610 code [0x000001c7a65557a0, 0x000001c7a6555858]
Event: 31.976 Thread 0x000001c7b2390010 8663       3       org.gradle.internal.logging.sink.ProgressLogEventGenerator$Operation::completeHeader (154 bytes)

GC Heap History (20 events):
Event: 5.503 GC heap before
{Heap before GC invocations=4 (full 0):
 garbage-first heap   total 262144K, used 128404K [0x00000000e0000000, 0x0000000100000000)
  region size 1024K, 112 young (114688K), 12 survivors (12288K)
 Metaspace       used 35721K, committed 36096K, reserved 348160K
  class space    used 4962K, committed 5120K, reserved 315392K
}
Event: 5.511 GC heap after
{Heap after GC invocations=5 (full 0):
 garbage-first heap   total 262144K, used 31662K [0x00000000e0000000, 0x0000000100000000)
  region size 1024K, 14 young (14336K), 14 survivors (14336K)
 Metaspace       used 35721K, committed 36096K, reserved 348160K
  class space    used 4962K, committed 5120K, reserved 315392K
}
Event: 8.044 GC heap before
{Heap before GC invocations=6 (full 0):
 garbage-first heap   total 262144K, used 171950K [0x00000000e0000000, 0x0000000100000000)
  region size 1024K, 144 young (147456K), 14 survivors (14336K)
 Metaspace       used 48847K, committed 49472K, reserved 364544K
  class space    used 6824K, committed 7168K, reserved 315392K
}
Event: 8.057 GC heap after
{Heap after GC invocations=7 (full 0):
 garbage-first heap   total 262144K, used 51816K [0x00000000e0000000, 0x0000000100000000)
  region size 1024K, 18 young (18432K), 18 survivors (18432K)
 Metaspace       used 48847K, committed 49472K, reserved 364544K
  class space    used 6824K, committed 7168K, reserved 315392K
}
Event: 9.306 GC heap before
{Heap before GC invocations=7 (full 0):
 garbage-first heap   total 262144K, used 196200K [0x00000000e0000000, 0x0000000100000000)
  region size 1024K, 152 young (155648K), 18 survivors (18432K)
 Metaspace       used 54735K, committed 55424K, reserved 364544K
  class space    used 7654K, committed 8000K, reserved 315392K
}
Event: 9.324 GC heap after
{Heap after GC invocations=8 (full 0):
 garbage-first heap   total 262144K, used 74829K [0x00000000e0000000, 0x0000000100000000)
  region size 1024K, 18 young (18432K), 18 survivors (18432K)
 Metaspace       used 54735K, committed 55424K, reserved 364544K
  class space    used 7654K, committed 8000K, reserved 315392K
}
Event: 9.873 GC heap before
{Heap before GC invocations=8 (full 0):
 garbage-first heap   total 262144K, used 196685K [0x00000000e0000000, 0x0000000100000000)
  region size 1024K, 135 young (138240K), 18 survivors (18432K)
 Metaspace       used 54743K, committed 55424K, reserved 364544K
  class space    used 7655K, committed 8000K, reserved 315392K
}
Event: 9.906 GC heap after
{Heap after GC invocations=9 (full 0):
 garbage-first heap   total 262144K, used 112477K [0x00000000e0000000, 0x0000000100000000)
  region size 1024K, 17 young (17408K), 17 survivors (17408K)
 Metaspace       used 54743K, committed 55424K, reserved 364544K
  class space    used 7655K, committed 8000K, reserved 315392K
}
Event: 10.225 GC heap before
{Heap before GC invocations=9 (full 0):
 garbage-first heap   total 262144K, used 191325K [0x00000000e0000000, 0x0000000100000000)
  region size 1024K, 90 young (92160K), 17 survivors (17408K)
 Metaspace       used 54816K, committed 55552K, reserved 364544K
  class space    used 7664K, committed 8000K, reserved 315392K
}
Event: 10.257 GC heap after
{Heap after GC invocations=10 (full 0):
 garbage-first heap   total 262144K, used 147712K [0x00000000e0000000, 0x0000000100000000)
  region size 1024K, 12 young (12288K), 12 survivors (12288K)
 Metaspace       used 54816K, committed 55552K, reserved 364544K
  class space    used 7664K, committed 8000K, reserved 315392K
}
Event: 10.262 GC heap before
{Heap before GC invocations=10 (full 0):
 garbage-first heap   total 262144K, used 147712K [0x00000000e0000000, 0x0000000100000000)
  region size 1024K, 13 young (13312K), 12 survivors (12288K)
 Metaspace       used 54816K, committed 55552K, reserved 364544K
  class space    used 7664K, committed 8000K, reserved 315392K
}
Event: 10.281 GC heap after
{Heap after GC invocations=11 (full 0):
 garbage-first heap   total 262144K, used 151786K [0x00000000e0000000, 0x0000000100000000)
  region size 1024K, 2 young (2048K), 2 survivors (2048K)
 Metaspace       used 54816K, committed 55552K, reserved 364544K
  class space    used 7664K, committed 8000K, reserved 315392K
}
Event: 14.885 GC heap before
{Heap before GC invocations=12 (full 0):
 garbage-first heap   total 266240K, used 198890K [0x00000000e0000000, 0x0000000100000000)
  region size 1024K, 46 young (47104K), 2 survivors (2048K)
 Metaspace       used 56497K, committed 57216K, reserved 372736K
  class space    used 7914K, committed 8256K, reserved 315392K
}
Event: 14.894 GC heap after
{Heap after GC invocations=13 (full 0):
 garbage-first heap   total 266240K, used 176915K [0x00000000e0000000, 0x0000000100000000)
  region size 1024K, 6 young (6144K), 6 survivors (6144K)
 Metaspace       used 56497K, committed 57216K, reserved 372736K
  class space    used 7914K, committed 8256K, reserved 315392K
}
Event: 14.949 GC heap before
{Heap before GC invocations=13 (full 0):
 garbage-first heap   total 266240K, used 185107K [0x00000000e0000000, 0x0000000100000000)
  region size 1024K, 13 young (13312K), 6 survivors (6144K)
 Metaspace       used 56497K, committed 57216K, reserved 372736K
  class space    used 7914K, committed 8256K, reserved 315392K
}
Event: 14.954 GC heap after
{Heap after GC invocations=14 (full 0):
 garbage-first heap   total 266240K, used 173738K [0x00000000e0000000, 0x0000000100000000)
  region size 1024K, 1 young (1024K), 1 survivors (1024K)
 Metaspace       used 56497K, committed 57216K, reserved 372736K
  class space    used 7914K, committed 8256K, reserved 315392K
}
Event: 15.653 GC heap before
{Heap before GC invocations=14 (full 0):
 garbage-first heap   total 266240K, used 204458K [0x00000000e0000000, 0x0000000100000000)
  region size 1024K, 32 young (32768K), 1 survivors (1024K)
 Metaspace       used 59872K, committed 60672K, reserved 372736K
  class space    used 8279K, committed 8704K, reserved 315392K
}
Event: 15.657 GC heap after
{Heap after GC invocations=15 (full 0):
 garbage-first heap   total 266240K, used 175514K [0x00000000e0000000, 0x0000000100000000)
  region size 1024K, 3 young (3072K), 3 survivors (3072K)
 Metaspace       used 59872K, committed 60672K, reserved 372736K
  class space    used 8279K, committed 8704K, reserved 315392K
}
Event: 16.413 GC heap before
{Heap before GC invocations=16 (full 0):
 garbage-first heap   total 278528K, used 202138K [0x00000000e0000000, 0x0000000100000000)
  region size 1024K, 37 young (37888K), 3 survivors (3072K)
 Metaspace       used 62769K, committed 63552K, reserved 372736K
  class space    used 8559K, committed 8960K, reserved 315392K
}
Event: 16.417 GC heap after
{Heap after GC invocations=17 (full 0):
 garbage-first heap   total 278528K, used 161792K [0x00000000e0000000, 0x0000000100000000)
  region size 1024K, 4 young (4096K), 4 survivors (4096K)
 Metaspace       used 62769K, committed 63552K, reserved 372736K
  class space    used 8559K, committed 8960K, reserved 315392K
}

Deoptimization events (20 events):
Event: 17.069 Thread 0x000001c7b970a580 DEOPT PACKING pc=0x000001c79ea73541 sp=0x00000084df1fd000
Event: 17.069 Thread 0x000001c7b970a580 DEOPT UNPACKING pc=0x000001c7a5d22b43 sp=0x00000084df1fc4a8 mode 1
Event: 17.069 Thread 0x000001c7b970a580 DEOPT PACKING pc=0x000001c7a648c644 sp=0x00000084df1fd060
Event: 17.069 Thread 0x000001c7b970a580 DEOPT UNPACKING pc=0x000001c7a5d22b43 sp=0x00000084df1fc528 mode 1
Event: 17.069 Thread 0x000001c7b970a580 DEOPT PACKING pc=0x000001c79f5f5819 sp=0x00000084df1fcfb0
Event: 17.069 Thread 0x000001c7b970a580 DEOPT UNPACKING pc=0x000001c7a5d22b43 sp=0x00000084df1fc4a8 mode 1
Event: 17.069 Thread 0x000001c7b970a580 DEOPT PACKING pc=0x000001c7a648c644 sp=0x00000084df1fd120
Event: 17.069 Thread 0x000001c7b970a580 DEOPT UNPACKING pc=0x000001c7a5d22b43 sp=0x00000084df1fc5e8 mode 1
Event: 17.070 Thread 0x000001c7b970a580 DEOPT PACKING pc=0x000001c79ea73541 sp=0x00000084df1fce10
Event: 17.070 Thread 0x000001c7b970a580 DEOPT UNPACKING pc=0x000001c7a5d22b43 sp=0x00000084df1fc2b8 mode 1
Event: 17.070 Thread 0x000001c7b970a580 DEOPT PACKING pc=0x000001c7a648c644 sp=0x00000084df1fce70
Event: 17.070 Thread 0x000001c7b970a580 DEOPT UNPACKING pc=0x000001c7a5d22b43 sp=0x00000084df1fc338 mode 1
Event: 17.070 Thread 0x000001c7b970a580 DEOPT PACKING pc=0x000001c79f5f5819 sp=0x00000084df1fcdc0
Event: 17.070 Thread 0x000001c7b970a580 DEOPT UNPACKING pc=0x000001c7a5d22b43 sp=0x00000084df1fc2b8 mode 1
Event: 17.071 Thread 0x000001c7b970a580 DEOPT PACKING pc=0x000001c7a648c644 sp=0x00000084df1fcf30
Event: 17.071 Thread 0x000001c7b970a580 DEOPT UNPACKING pc=0x000001c7a5d22b43 sp=0x00000084df1fc3f8 mode 1
Event: 31.911 Thread 0x000001c7b5cd1050 Uncommon trap: trap_request=0xffffff45 fr.pc=0x000001c7a66f7ca8 relative=0x00000000000008c8
Event: 31.911 Thread 0x000001c7b5cd1050 Uncommon trap: reason=unstable_if action=reinterpret pc=0x000001c7a66f7ca8 method=java.io.DataInputStream.readUTF(Ljava/io/DataInput;)Ljava/lang/String; @ 31 c2
Event: 31.911 Thread 0x000001c7b5cd1050 DEOPT PACKING pc=0x000001c7a66f7ca8 sp=0x00000084dd6fe850
Event: 31.911 Thread 0x000001c7b5cd1050 DEOPT UNPACKING pc=0x000001c7a5d223a3 sp=0x00000084dd6fe820 mode 2

Classes unloaded (0 events):
No events

Classes redefined (0 events):
No events

Internal exceptions (20 events):
Event: 16.542 Thread 0x000001c7b970cc00 Exception <a 'sun/nio/fs/WindowsException'{0x00000000f09c6e50}> (0x00000000f09c6e50) 
thrown [s\open\src\hotspot\share\prims\jni.cpp, line 516]
Event: 16.542 Thread 0x000001c7b970cc00 Exception <a 'sun/nio/fs/WindowsException'{0x00000000f09c7120}> (0x00000000f09c7120) 
thrown [s\open\src\hotspot\share\prims\jni.cpp, line 516]
Event: 16.543 Thread 0x000001c7b970cc00 Exception <a 'sun/nio/fs/WindowsException'{0x00000000f09c8f60}> (0x00000000f09c8f60) 
thrown [s\open\src\hotspot\share\prims\jni.cpp, line 516]
Event: 16.543 Thread 0x000001c7b970cc00 Exception <a 'sun/nio/fs/WindowsException'{0x00000000f09c9188}> (0x00000000f09c9188) 
thrown [s\open\src\hotspot\share\prims\jni.cpp, line 516]
Event: 16.543 Thread 0x000001c7b970cc00 Exception <a 'sun/nio/fs/WindowsException'{0x00000000f09cafe0}> (0x00000000f09cafe0) 
thrown [s\open\src\hotspot\share\prims\jni.cpp, line 516]
Event: 16.543 Thread 0x000001c7b970cc00 Exception <a 'sun/nio/fs/WindowsException'{0x00000000f09cb218}> (0x00000000f09cb218) 
thrown [s\open\src\hotspot\share\prims\jni.cpp, line 516]
Event: 16.543 Thread 0x000001c7b970cc00 Exception <a 'sun/nio/fs/WindowsException'{0x00000000f09cd458}> (0x00000000f09cd458) 
thrown [s\open\src\hotspot\share\prims\jni.cpp, line 516]
Event: 16.544 Thread 0x000001c7b970cc00 Exception <a 'sun/nio/fs/WindowsException'{0x00000000f09ce090}> (0x00000000f09ce090) 
thrown [s\open\src\hotspot\share\prims\jni.cpp, line 516]
Event: 16.544 Thread 0x000001c7b970cc00 Exception <a 'sun/nio/fs/WindowsException'{0x00000000f09ce898}> (0x00000000f09ce898) 
thrown [s\open\src\hotspot\share\prims\jni.cpp, line 516]
Event: 16.544 Thread 0x000001c7b970cc00 Exception <a 'sun/nio/fs/WindowsException'{0x00000000f09ceaa0}> (0x00000000f09ceaa0) 
thrown [s\open\src\hotspot\share\prims\jni.cpp, line 516]
Event: 16.544 Thread 0x000001c7b970cc00 Exception <a 'sun/nio/fs/WindowsException'{0x00000000f09d08c0}> (0x00000000f09d08c0) 
thrown [s\open\src\hotspot\share\prims\jni.cpp, line 516]
Event: 16.544 Thread 0x000001c7b970cc00 Exception <a 'sun/nio/fs/WindowsException'{0x00000000f09d0ac8}> (0x00000000f09d0ac8) 
thrown [s\open\src\hotspot\share\prims\jni.cpp, line 516]
Event: 16.544 Thread 0x000001c7b970cc00 Exception <a 'sun/nio/fs/WindowsException'{0x00000000f09d2db0}> (0x00000000f09d2db0) 
thrown [s\open\src\hotspot\share\prims\jni.cpp, line 516]
Event: 16.544 Thread 0x000001c7b970cc00 Exception <a 'sun/nio/fs/WindowsException'{0x00000000f09d3310}> (0x00000000f09d3310) 
thrown [s\open\src\hotspot\share\prims\jni.cpp, line 516]
Event: 16.545 Thread 0x000001c7b970cc00 Exception <a 'sun/nio/fs/WindowsException'{0x00000000f09d5130}> (0x00000000f09d5130) 
thrown [s\open\src\hotspot\share\prims\jni.cpp, line 516]
Event: 16.545 Thread 0x000001c7b970cc00 Exception <a 'sun/nio/fs/WindowsException'{0x00000000f09d5338}> (0x00000000f09d5338) 
thrown [s\open\src\hotspot\share\prims\jni.cpp, line 516]
Event: 16.545 Thread 0x000001c7b970cc00 Exception <a 'sun/nio/fs/WindowsException'{0x00000000f09d7148}> (0x00000000f09d7148) 
thrown [s\open\src\hotspot\share\prims\jni.cpp, line 516]
Event: 16.545 Thread 0x000001c7b970cc00 Exception <a 'sun/nio/fs/WindowsException'{0x00000000f09d7350}> (0x00000000f09d7350) 
thrown [s\open\src\hotspot\share\prims\jni.cpp, line 516]
Event: 16.545 Thread 0x000001c7b970cc00 Exception <a 'sun/nio/fs/WindowsException'{0x00000000f09d9180}> (0x00000000f09d9180) 
thrown [s\open\src\hotspot\share\prims\jni.cpp, line 516]
Event: 16.545 Thread 0x000001c7b970cc00 Exception <a 'sun/nio/fs/WindowsException'{0x00000000f09d9390}> (0x00000000f09d9390) 
thrown [s\open\src\hotspot\share\prims\jni.cpp, line 516]

VM Operations (20 events):
Event: 15.733 Executing VM operation: G1Concurrent
Event: 15.738 Executing VM operation: G1Concurrent done
Event: 15.780 Executing VM operation: G1Concurrent
Event: 15.780 Executing VM operation: G1Concurrent done
Event: 16.010 Executing VM operation: ICBufferFull
Event: 16.010 Executing VM operation: ICBufferFull done
Event: 16.413 Executing VM operation: G1CollectForAllocation
Event: 16.417 Executing VM operation: G1CollectForAllocation done
Event: 17.430 Executing VM operation: Cleanup
Event: 17.430 Executing VM operation: Cleanup done
Event: 18.439 Executing VM operation: Cleanup
Event: 18.439 Executing VM operation: Cleanup done
Event: 19.445 Executing VM operation: Cleanup
Event: 19.445 Executing VM operation: Cleanup done
Event: 20.457 Executing VM operation: Cleanup
Event: 20.457 Executing VM operation: Cleanup done
Event: 21.458 Executing VM operation: Cleanup
Event: 21.458 Executing VM operation: Cleanup done
Event: 22.466 Executing VM operation: Cleanup
Event: 22.466 Executing VM operation: Cleanup done

Events (20 events):
Event: 16.354 loading class java/util/AbstractListCustomizer done
Event: 16.355 loading class java/util/ArrayListCustomizer
Event: 16.355 loading class java/util/ArrayListCustomizer done
Event: 16.356 loading class java/util/ArrayListCustomizer
Event: 16.356 loading class java/util/ArrayListCustomizer done
Event: 16.552 Thread 0x000001c7bd225790 Thread added: 0x000001c7bd225790
Event: 16.552 Thread 0x000001c7bd226fa0 Thread added: 0x000001c7bd226fa0
Event: 17.020 Thread 0x000001c7b92be460 Thread exited: 0x000001c7b92be460
Event: 17.020 Thread 0x000001c7b92bf8a0 Thread exited: 0x000001c7b92bf8a0
Event: 17.020 Thread 0x000001c7b92be970 Thread exited: 0x000001c7b92be970
Event: 17.070 Thread 0x000001c7b92bf390 Thread exited: 0x000001c7b92bf390
Event: 17.070 Thread 0x000001c7b92c11f0 Thread exited: 0x000001c7b92c11f0
Event: 17.070 Thread 0x000001c7bd225c60 Thread exited: 0x000001c7bd225c60
Event: 17.070 Thread 0x000001c7bd2287b0 Thread exited: 0x000001c7bd2287b0
Event: 17.070 Thread 0x000001c7bd2235e0 Thread exited: 0x000001c7bd2235e0
Event: 17.070 Thread 0x000001c7bd224920 Thread exited: 0x000001c7bd224920
Event: 17.070 Thread 0x000001c7b92bee80 Thread exited: 0x000001c7b92bee80
Event: 17.070 Thread 0x000001c7bd229af0 Thread exited: 0x000001c7bd229af0
Event: 17.072 Thread 0x000001c7bd229150 Thread exited: 0x000001c7bd229150
Event: 18.518 Thread 0x000001c7b92bfdb0 Thread exited: 0x000001c7b92bfdb0


Dynamic libraries:
0x00007ff665690000 - 0x00007ff6656a0000 	D:\Tools\Java\JDK\jdk-17.0.6\bin\java.exe
0x00007ffd48910000 - 0x00007ffd48b27000 	C:\WINDOWS\SYSTEM32\ntdll.dll
0x00007ffd470d0000 - 0x00007ffd47194000 	C:\WINDOWS\System32\KERNEL32.DLL
0x00007ffd45d80000 - 0x00007ffd46126000 	C:\WINDOWS\System32\KERNELBASE.dll
0x00007ffd463c0000 - 0x00007ffd464d1000 	C:\WINDOWS\System32\ucrtbase.dll
0x00007ffd259b0000 - 0x00007ffd259c8000 	D:\Tools\Java\JDK\jdk-17.0.6\bin\jli.dll
0x00007ffd25840000 - 0x00007ffd2585b000 	D:\Tools\Java\JDK\jdk-17.0.6\bin\VCRUNTIME140.dll
0x00007ffd46730000 - 0x00007ffd467e3000 	C:\WINDOWS\System32\ADVAPI32.dll
0x00007ffd46680000 - 0x00007ffd46727000 	C:\WINDOWS\System32\msvcrt.dll
0x00007ffd46dc0000 - 0x00007ffd46e68000 	C:\WINDOWS\System32\sechost.dll
0x00007ffd46630000 - 0x00007ffd46658000 	C:\WINDOWS\System32\bcrypt.dll
0x00007ffd48260000 - 0x00007ffd48377000 	C:\WINDOWS\System32\RPCRT4.dll
0x00007ffd47db0000 - 0x00007ffd47f5e000 	C:\WINDOWS\System32\USER32.dll
0x00007ffd464e0000 - 0x00007ffd46506000 	C:\WINDOWS\System32\win32u.dll
0x00007ffd48890000 - 0x00007ffd488b9000 	C:\WINDOWS\System32\GDI32.dll
0x00007ffd46510000 - 0x00007ffd46628000 	C:\WINDOWS\System32\gdi32full.dll
0x00007ffd336c0000 - 0x00007ffd33953000 	C:\WINDOWS\WinSxS\amd64_microsoft.windows.common-controls_6595b64144ccf1df_6.0.22621.2506_none_270c5ae97388e100\COMCTL32.dll
0x00007ffd461b0000 - 0x00007ffd4624a000 	C:\WINDOWS\System32\msvcp_win.dll
0x00007ffd3db10000 - 0x00007ffd3db1a000 	C:\WINDOWS\SYSTEM32\VERSION.dll
0x00007ffd48730000 - 0x00007ffd48761000 	C:\WINDOWS\System32\IMM32.DLL
0x00007ffd259a0000 - 0x00007ffd259ac000 	D:\Tools\Java\JDK\jdk-17.0.6\bin\vcruntime140_1.dll
0x00007ffd0d770000 - 0x00007ffd0d7fe000 	D:\Tools\Java\JDK\jdk-17.0.6\bin\msvcp140.dll
0x00007ffcff7b0000 - 0x00007ffd00387000 	D:\Tools\Java\JDK\jdk-17.0.6\bin\server\jvm.dll
0x00007ffd474c0000 - 0x00007ffd474c8000 	C:\WINDOWS\System32\PSAPI.DLL
0x00007ffd40d80000 - 0x00007ffd40d89000 	C:\WINDOWS\SYSTEM32\WSOCK32.dll
0x00007ffd3e810000 - 0x00007ffd3e844000 	C:\WINDOWS\SYSTEM32\WINMM.dll
0x00007ffd47340000 - 0x00007ffd473b1000 	C:\WINDOWS\System32\WS2_32.dll
0x00007ffd44c60000 - 0x00007ffd44c78000 	C:\WINDOWS\SYSTEM32\kernel.appcore.dll
0x00007ffd25730000 - 0x00007ffd2573a000 	D:\Tools\Java\JDK\jdk-17.0.6\bin\jimage.dll
0x00007ffd435e0000 - 0x00007ffd43813000 	C:\WINDOWS\SYSTEM32\DBGHELP.DLL
0x00007ffd48380000 - 0x00007ffd48709000 	C:\WINDOWS\System32\combase.dll
0x00007ffd48180000 - 0x00007ffd48257000 	C:\WINDOWS\System32\OLEAUT32.dll
0x00007ffd20b80000 - 0x00007ffd20bb2000 	C:\WINDOWS\SYSTEM32\dbgcore.DLL
0x00007ffd46130000 - 0x00007ffd461aa000 	C:\WINDOWS\System32\bcryptPrimitives.dll
0x00007ffd0d730000 - 0x00007ffd0d76b000 	D:\Tools\Java\JDK\jdk-17.0.6\bin\jdwp.dll
0x00007ffd253d0000 - 0x00007ffd253de000 	D:\Tools\Java\JDK\jdk-17.0.6\bin\instrument.dll
0x00007ffd1c690000 - 0x00007ffd1c6b5000 	D:\Tools\Java\JDK\jdk-17.0.6\bin\java.dll
0x00007ffd0ad70000 - 0x00007ffd0ae47000 	D:\Tools\Java\JDK\jdk-17.0.6\bin\jsvml.dll
0x00007ffd474d0000 - 0x00007ffd47d2b000 	C:\WINDOWS\System32\SHELL32.dll
0x00007ffd43b60000 - 0x00007ffd44456000 	C:\WINDOWS\SYSTEM32\windows.storage.dll
0x00007ffd43a20000 - 0x00007ffd43b5e000 	C:\WINDOWS\SYSTEM32\wintypes.dll
0x00007ffd46e70000 - 0x00007ffd46f63000 	C:\WINDOWS\System32\SHCORE.dll
0x00007ffd48830000 - 0x00007ffd4888e000 	C:\WINDOWS\System32\shlwapi.dll
0x00007ffd45b80000 - 0x00007ffd45ba6000 	C:\WINDOWS\SYSTEM32\profapi.dll
0x00007ffd25330000 - 0x00007ffd2533c000 	D:\Tools\Java\JDK\jdk-17.0.6\bin\dt_socket.dll
0x00007ffd446c0000 - 0x00007ffd446ed000 	C:\WINDOWS\SYSTEM32\IPHLPAPI.DLL
0x00007ffd45110000 - 0x00007ffd45179000 	C:\WINDOWS\system32\mswsock.dll
0x00007ffd25200000 - 0x00007ffd25218000 	D:\Tools\Java\JDK\jdk-17.0.6\bin\zip.dll
0x00007ffd24f20000 - 0x00007ffd24f39000 	D:\Tools\Java\JDK\jdk-17.0.6\bin\net.dll
0x00007ffd3f2e0000 - 0x00007ffd3f417000 	C:\WINDOWS\SYSTEM32\WINHTTP.dll
0x00007ffd21640000 - 0x00007ffd21656000 	D:\Tools\Java\JDK\jdk-17.0.6\bin\nio.dll
0x00007ffd25320000 - 0x00007ffd25330000 	D:\Tools\Java\JDK\jdk-17.0.6\bin\verify.dll
0x00007ffd253f0000 - 0x00007ffd25417000 	D:\Tools\gradle-8.6\native\c067742578af261105cb4f569cf0c3c89f3d7b1fecec35dd04571415982c5e48\windows-amd64\native-platform.dll
0x00007ffd09e50000 - 0x00007ffd09f94000 	D:\Tools\gradle-8.6\native\38dada09dfb8b06ba9b0570ebf7e218e3eb74d4ef43ca46872605cf95ebc2f47\windows-amd64\native-platform-file-events.dll
0x00007ffd23570000 - 0x00007ffd2357a000 	D:\Tools\Java\JDK\jdk-17.0.6\bin\management.dll
0x00007ffd1fad0000 - 0x00007ffd1fadb000 	D:\Tools\Java\JDK\jdk-17.0.6\bin\management_ext.dll
0x00007ffd45370000 - 0x00007ffd4538b000 	C:\WINDOWS\SYSTEM32\CRYPTSP.dll
0x00007ffd44bc0000 - 0x00007ffd44bf5000 	C:\WINDOWS\system32\rsaenh.dll
0x00007ffd45200000 - 0x00007ffd4522c000 	C:\WINDOWS\SYSTEM32\USERENV.dll
0x00007ffd45360000 - 0x00007ffd4536c000 	C:\WINDOWS\SYSTEM32\CRYPTBASE.dll
0x00007ffd47f60000 - 0x00007ffd47f69000 	C:\WINDOWS\System32\NSI.dll
0x00007ffd3f610000 - 0x00007ffd3f629000 	C:\WINDOWS\SYSTEM32\dhcpcsvc6.DLL
0x00007ffd3f5f0000 - 0x00007ffd3f60f000 	C:\WINDOWS\SYSTEM32\dhcpcsvc.DLL
0x00007ffd44730000 - 0x00007ffd44829000 	C:\WINDOWS\SYSTEM32\DNSAPI.dll
0x00007ffd1fac0000 - 0x00007ffd1facd000 	D:\Tools\Java\JDK\jdk-17.0.6\bin\sunmscapi.dll
0x00007ffd46250000 - 0x00007ffd463b6000 	C:\WINDOWS\System32\CRYPT32.dll
0x00007ffd45520000 - 0x00007ffd4554e000 	C:\WINDOWS\SYSTEM32\ncrypt.dll
0x00007ffd454e0000 - 0x00007ffd45517000 	C:\WINDOWS\SYSTEM32\NTASN1.dll
0x00007ffd3f630000 - 0x00007ffd3f638000 	C:\WINDOWS\system32\wshunix.dll
0x00007ffd44c90000 - 0x00007ffd44cc4000 	C:\WINDOWS\SYSTEM32\ntmarta.dll

dbghelp: loaded successfully - version: 4.0.5 - missing functions: none
symbol engine: initialized successfully - sym options: 0x614 - pdb path: .;D:\Tools\Java\JDK\jdk-17.0.6\bin;C:\WINDOWS\SYSTEM32;C:\WINDOWS\WinSxS\amd64_microsoft.windows.common-controls_6595b64144ccf1df_6.0.22621.2506_none_270c5ae97388e100;D:\Tools\Java\JDK\jdk-17.0.6\bin\server;D:\Tools\gradle-8.6\native\c067742578af261105cb4f569cf0c3c89f3d7b1fecec35dd04571415982c5e48\windows-amd64;D:\Tools\gradle-8.6\native\38dada09dfb8b06ba9b0570ebf7e218e3eb74d4ef43ca46872605cf95ebc2f47\windows-amd64

VM Arguments:
jvm_args: --add-opens=java.base/java.util.concurrent.atomic=ALL-UNNAMED -XX:MaxMetaspaceSize=384m -XX:+HeapDumpOnOutOfMemoryError -agentlib:jdwp=transport=dt_socket,server=n,suspend=y,address=127.0.0.1:52645 --add-opens=java.base/java.util=ALL-UNNAMED --add-opens=java.base/java.lang=ALL-UNNAMED --add-opens=java.base/java.lang.invoke=ALL-UNNAMED --add-opens=java.prefs/java.util.prefs=ALL-UNNAMED --add-opens=java.base/java.nio.charset=ALL-UNNAMED --add-opens=java.base/java.net=ALL-UNNAMED --add-opens=java.base/java.util.concurrent.atomic=ALL-UNNAMED -Xms256m -Xmx512m -Dfile.encoding=UTF-8 -Duser.country=CN -Duser.language=zh -Duser.variant -javaagent:D:\Tools\gradle-8.6\lib\agents\gradle-instrumentation-agent-8.6.jar 
java_command: org.gradle.launcher.daemon.bootstrap.GradleDaemon 8.6
java_class_path (initial): D:\Tools\gradle-8.6\lib\gradle-launcher-8.6.jar
Launcher Type: SUN_STANDARD

[Global flags]
     intx CICompilerCount                          = 12                                        {product} {ergonomic}
   size_t CompressedClassSpaceSize                 = 322961408                                 {product} {ergonomic}
     uint ConcGCThreads                            = 3                                         {product} {ergonomic}
     uint G1ConcRefinementThreads                  = 13                                        {product} {ergonomic}
   size_t G1HeapRegionSize                         = 1048576                                   {product} {ergonomic}
    uintx GCDrainStackTargetSize                   = 64                                        {product} {ergonomic}
     bool HeapDumpOnOutOfMemoryError               = true                                   {manageable} {command line}
   size_t InitialHeapSize                          = 268435456                                 {product} {command line}
   size_t MarkStackSize                            = 4194304                                   {product} {ergonomic}
   size_t MaxHeapSize                              = 536870912                                 {product} {command line}
   size_t MaxMetaspaceSize                         = 402653184                                 {product} {command line}
   size_t MaxNewSize                               = 321912832                                 {product} {ergonomic}
   size_t MinHeapDeltaBytes                        = 1048576                                   {product} {ergonomic}
   size_t MinHeapSize                              = 268435456                                 {product} {command line}
    uintx NonNMethodCodeHeapSize                   = 7602480                                {pd product} {ergonomic}
    uintx NonProfiledCodeHeapSize                  = 122027880                              {pd product} {ergonomic}
    uintx ProfiledCodeHeapSize                     = 122027880                              {pd product} {ergonomic}
    uintx ReservedCodeCacheSize                    = 251658240                              {pd product} {ergonomic}
     bool SegmentedCodeCache                       = true                                      {product} {ergonomic}
   size_t SoftMaxHeapSize                          = 536870912                              {manageable} {ergonomic}
     bool UseCompressedClassPointers               = true                           {product lp64_product} {ergonomic}
     bool UseCompressedOops                        = true                           {product lp64_product} {ergonomic}
     bool UseG1GC                                  = true                                      {product} {ergonomic}
     bool UseLargePagesIndividualAllocation        = false                                  {pd product} {ergonomic}

Logging:
Log output configuration:
 #0: stdout all=warning uptime,level,tags
 #1: stderr all=off uptime,level,tags

Environment Variables:
JAVA_HOME=D:\Tools\Java\JDK\jdk-17.0.6
PATH=D:\VMware_WorkStation\bin\;C:\WINDOWS\system32;C:\WINDOWS;C:\WINDOWS\System32\Wbem;C:\WINDOWS\System32\WindowsPowerShell\v1.0\;C:\WINDOWS\System32\OpenSSH\;D:\Tools\Java\JDK\jdk-17.0.6\bin;D:\Tools\Java\JDK\jdk-17.0.6\jre\bin;D:\Tools\Tomcat\apache-tomcat-10.1.4\bin;D:\Tools\Maven\apache-maven-3.8.7\bin;D:\Tools\gradle-8.0.2\bin;D:\cppTools\mingw64_8.1.0\bin;D:\web\dll;D:\JsTools\;C\ProgramData\chocolatey\bin;D:\Git\cmd;D:\Tools\pkg-config_0.26-1_win32\bin;D:\Tools\glib_2.28.8-1_win32\bin;D:\Tools\gettext-runtime_0.18.1.1-2_win32\bin;D:\Tools\cmake3.26.4\bin;D:\Tools\anaconda3;D:\Tools\anaconda3\Scripts;D:\Tools\anaconda3\Library\bin;D:\Tools\anaconda3\Library\mingw-w64\bin;D:\Tools\anaconda3\Library\usr\bin;D:\Tools\mysql\bin;C:\Program Files\WireGuard\;D:\Tools\ffmpeg\ffmpeg-6.0-essentials_build\bin;D:\Tools\Kotlin\kotlin-native-windows-x86_64-1.9.10\bin;D:\Tools\Redis\Redis-x64-3.0.504;C:\Program Files\dotnet\;D:\Tools\LxRunOffline-v3.5.0-mingw;C:\Program Files\Docker\Docker\resources\bin;D:\Tools\flutter\bin;D:\Tools\Graphviz\bin\dot.exe;D:\Tools\protoc-25.2-win64\bin;D:\Tools\flutter\bin\cache\dart-sdk\bin;C:\Users\LSK\AppData\Local\Microsoft\WindowsApps;D:\Qt5.9.9\5.9.9\mingw53_32\bin;C:\Users\LSK\AppData\Roaming\npm;D:\Tools\Microsoft VS Code\bin;D:\tools\CLion2023.2.2\bin;;D:\Tools\Graphviz\bin;
USERNAME=LSK
OS=Windows_NT
PROCESSOR_IDENTIFIER=AMD64 Family 23 Model 96 Stepping 1, AuthenticAMD



---------------  S Y S T E M  ---------------

OS:
 Windows 11 , 64 bit Build 22621 (10.0.22621.3085)
OS uptime: 1 days 8:32 hours
Hyper-V role detected

CPU: total 16 (initial active 16) (16 cores per cpu, 2 threads per core) family 23 model 96 stepping 1 microcode 0x0, cx8, cmov, fxsr, ht, mmx, 3dnowpref, sse, sse2, sse3, ssse3, sse4a, sse4.1, sse4.2, popcnt, lzcnt, tsc, tscinvbit, avx, avx2, aes, clmul, bmi1, bmi2, adx, sha, fma, vzeroupper, clflush, clflushopt, hv

Memory: 4k page, system-wide physical 15734M (1907M free)
TotalPageFile size 18596M (AvailPageFile size 340M)
current process WorkingSet (physical memory assigned to process): 469M, peak: 593M
current process commit charge ("private bytes"): 536M, peak: 656M

vm_info: Java HotSpot(TM) 64-Bit Server VM (17.0.6+9-LTS-190) for windows-amd64 JRE (17.0.6+9-LTS-190), built on Dec  6 2022 15:53:54 by "mach5one" with MS VC++ 17.1 (VS2022)

END.
